  [4;36;1mSQL (2.1ms)[0m   [0;1m SELECT name
 FROM sqlite_master
 WHERE type = 'table' AND NOT name = 'sqlite_sequence'
[0m
  [4;35;1mSQL (0.4ms)[0m   [0mselect sqlite_version(*)[0m
  [4;36;1mSQL (2.8ms)[0m   [0;1mCREATE TABLE "schema_migrations" ("version" varchar(255) NOT NULL) [0m
  [4;35;1mSQL (1.7ms)[0m   [0mCREATE UNIQUE INDEX "unique_schema_migrations" ON "schema_migrations" ("version")[0m
  [4;36;1mSQL (0.3ms)[0m   [0;1m SELECT name
 FROM sqlite_master
 WHERE type = 'table' AND NOT name = 'sqlite_sequence'
[0m
  [4;35;1mSQL (0.4ms)[0m   [0m SELECT name
 FROM sqlite_master
 WHERE type = 'table' AND NOT name = 'sqlite_sequence'
[0m
  [4;36;1mSQL (0.1ms)[0m   [0;1mSELECT version FROM schema_migrations[0m
  [4;35;1mSQL (0.2ms)[0m   [0m SELECT name
 FROM sqlite_master
 WHERE type = 'table' AND NOT name = 'sqlite_sequence'
[0m
  [4;36;1mSQL (2.7ms)[0m   [0;1m SELECT name
 FROM sqlite_master
 WHERE type = 'table' AND NOT name = 'sqlite_sequence'
[0m
  [4;35;1mSQL (0.1ms)[0m   [0mSELECT version FROM schema_migrations[0m
Migrating to CreateQuestions (20100506113844)
  [4;36;1mSQL (0.2ms)[0m   [0;1mselect sqlite_version(*)[0m
  [4;35;1mSQL (1.4ms)[0m   [0mCREATE TABLE "questions" ("id" INTEGER PRIMARY KEY AUTOINCREMENT NOT NULL, "text" varchar(255) NOT NULL, "response_id" integer, "created_at" datetime, "updated_at" datetime) [0m
  [4;36;1mSQL (0.3ms)[0m   [0;1mINSERT INTO schema_migrations (version) VALUES ('20100506113844')[0m
Migrating to CreateResults (20100506113929)
  [4;35;1mSQL (0.7ms)[0m   [0mCREATE TABLE "results" ("id" INTEGER PRIMARY KEY AUTOINCREMENT NOT NULL, "textile" text NOT NULL, "created_at" datetime, "updated_at" datetime) [0m
  [4;36;1mSQL (1.5ms)[0m   [0;1mINSERT INTO schema_migrations (version) VALUES ('20100506113929')[0m
Migrating to CreateResponses (20100506113941)
  [4;35;1mSQL (0.7ms)[0m   [0mCREATE TABLE "responses" ("id" INTEGER PRIMARY KEY AUTOINCREMENT NOT NULL, "question_id" integer NOT NULL, "text" varchar(255) NOT NULL, "created_at" datetime, "updated_at" datetime) [0m
  [4;36;1mSQL (0.2ms)[0m   [0;1mINSERT INTO schema_migrations (version) VALUES ('20100506113941')[0m
Migrating to CreateReponsesResults (20100506122058)
  [4;35;1mSQL (0.7ms)[0m   [0mCREATE TABLE "responses_results" ("response_id" integer NOT NULL, "result_id" integer NOT NULL) [0m
  [4;36;1mSQL (0.5ms)[0m   [0;1mINSERT INTO schema_migrations (version) VALUES ('20100506122058')[0m
  [4;35;1mSQL (0.6ms)[0m   [0m SELECT name
 FROM sqlite_master
 WHERE type = 'table' AND NOT name = 'sqlite_sequence'
[0m
  [4;36;1mSQL (0.3ms)[0m   [0;1mSELECT version FROM schema_migrations[0m
  [4;35;1mSQL (0.5ms)[0m   [0m SELECT name
 FROM sqlite_master
 WHERE type = 'table' AND NOT name = 'sqlite_sequence'
[0m
  [4;36;1mSQL (0.1ms)[0m   [0;1mPRAGMA index_list("questions")[0m
  [4;35;1mSQL (0.1ms)[0m   [0mPRAGMA index_list("responses")[0m
  [4;36;1mSQL (0.1ms)[0m   [0;1mPRAGMA index_list("responses_results")[0m
  [4;35;1mSQL (0.1ms)[0m   [0mPRAGMA index_list("results")[0m
  [4;36;1mSQL (3.3ms)[0m   [0;1m SELECT name
 FROM sqlite_master
 WHERE type = 'table' AND NOT name = 'sqlite_sequence'
[0m
  [4;35;1mQuestion Load (0.3ms)[0m   [0mSELECT * FROM "questions" WHERE ("questions"."response_id" IS NULL) [0m
  [4;36;1mQuestion Delete all (4.3ms)[0m   [0;1mDELETE FROM "questions" WHERE 1=1[0m
  [4;35;1mResponse Delete all (1.3ms)[0m   [0mDELETE FROM "responses" WHERE 1=1[0m
  [4;36;1mResult Delete all (0.9ms)[0m   [0;1mDELETE FROM "results" WHERE 1=1[0m
  [4;35;1mResult Create (0.8ms)[0m   [0mINSERT INTO "results" ("created_at", "textile", "updated_at") VALUES('2010-05-06 13:44:13', 'Call: Child & Adolescent Mental Health Service', '2010-05-06 13:44:13')[0m
  [4;36;1mResult Create (0.4ms)[0m   [0;1mINSERT INTO "results" ("created_at", "textile", "updated_at") VALUES('2010-05-06 13:44:13', 'Call: Mountains Youth Services Team', '2010-05-06 13:44:13')[0m
  [4;35;1mResult Create (0.4ms)[0m   [0mINSERT INTO "results" ("created_at", "textile", "updated_at") VALUES('2010-05-06 13:44:13', 'Call: Sydney West Area Health Service', '2010-05-06 13:44:13')[0m
  [4;36;1mResult Create (0.4ms)[0m   [0;1mINSERT INTO "results" ("created_at", "textile", "updated_at") VALUES('2010-05-06 13:44:13', 'Call: Katoomba Community Health Service', '2010-05-06 13:44:13')[0m
  [4;35;1mResult Create (0.4ms)[0m   [0mINSERT INTO "results" ("created_at", "textile", "updated_at") VALUES('2010-05-06 13:44:13', 'Call: Nepean Adolescent Drug and Alcohol Intervention Service', '2010-05-06 13:44:13')[0m
  [4;36;1mQuestion Create (0.5ms)[0m   [0;1mINSERT INTO "questions" ("created_at", "updated_at", "text", "response_id") VALUES('2010-05-06 13:44:13', '2010-05-06 13:44:13', 'Is the client in immediate risk of self harm to others?', NULL)[0m
  [4;35;1mQuestion Create (0.4ms)[0m   [0mINSERT INTO "questions" ("created_at", "updated_at", "text", "response_id") VALUES('2010-05-06 13:44:13', '2010-05-06 13:44:13', 'What is the Key Presenting Issue', NULL)[0m
  [4;36;1mResponse Create (0.5ms)[0m   [0;1mINSERT INTO "responses" ("question_id", "created_at", "updated_at", "text") VALUES(1, '2010-05-06 13:44:13', '2010-05-06 13:44:13', 'Yes')[0m
  [4;35;1mSQL (0.2ms)[0m   [0mINSERT INTO "responses_results" ("response_id", "result_id") VALUES (1, 1)[0m
  [4;36;1mResponse Create (0.4ms)[0m   [0;1mINSERT INTO "responses" ("question_id", "created_at", "updated_at", "text") VALUES(1, '2010-05-06 13:44:13', '2010-05-06 13:44:13', 'No')[0m
  [4;35;1mResponse Create (0.6ms)[0m   [0mINSERT INTO "responses" ("question_id", "created_at", "updated_at", "text") VALUES(2, '2010-05-06 13:44:13', '2010-05-06 13:44:13', 'Depression')[0m
  [4;36;1mResponse Create (0.4ms)[0m   [0;1mINSERT INTO "responses" ("question_id", "created_at", "updated_at", "text") VALUES(2, '2010-05-06 13:44:13', '2010-05-06 13:44:13', 'Self Harm')[0m
  [4;35;1mResponse Create (0.4ms)[0m   [0mINSERT INTO "responses" ("question_id", "created_at", "updated_at", "text") VALUES(2, '2010-05-06 13:44:13', '2010-05-06 13:44:13', 'Anxiety')[0m
  [4;36;1mResponse Create (0.5ms)[0m   [0;1mINSERT INTO "responses" ("question_id", "created_at", "updated_at", "text") VALUES(2, '2010-05-06 13:44:13', '2010-05-06 13:44:13', 'D&A')[0m
  [4;35;1mSQL (0.1ms)[0m   [0mINSERT INTO "responses_results" ("response_id", "result_id") VALUES (6, 5)[0m
  [4;36;1mQuestion Create (0.4ms)[0m   [0;1mINSERT INTO "questions" ("created_at", "updated_at", "text", "response_id") VALUES('2010-05-06 13:44:13', '2010-05-06 13:44:13', 'Is the client on medication?', 3)[0m
  [4;35;1mQuestion Create (0.4ms)[0m   [0mINSERT INTO "questions" ("created_at", "updated_at", "text", "response_id") VALUES('2010-05-06 13:44:13', '2010-05-06 13:44:13', 'Is the client living at home?', 4)[0m
  [4;36;1mQuestion Create (0.4ms)[0m   [0;1mINSERT INTO "questions" ("created_at", "updated_at", "text", "response_id") VALUES('2010-05-06 13:44:13', '2010-05-06 13:44:13', 'Is the client on medication?', 5)[0m
  [4;35;1mResponse Create (0.5ms)[0m   [0mINSERT INTO "responses" ("question_id", "created_at", "updated_at", "text") VALUES(3, '2010-05-06 13:44:13', '2010-05-06 13:44:13', 'Yes')[0m
  [4;36;1mSQL (0.1ms)[0m   [0;1mINSERT INTO "responses_results" ("response_id", "result_id") VALUES (7, 3)[0m
  [4;35;1mResponse Create (0.4ms)[0m   [0mINSERT INTO "responses" ("question_id", "created_at", "updated_at", "text") VALUES(3, '2010-05-06 13:44:13', '2010-05-06 13:44:13', 'No')[0m
  [4;36;1mSQL (0.1ms)[0m   [0;1mINSERT INTO "responses_results" ("response_id", "result_id") VALUES (8, 2)[0m
  [4;35;1mSQL (0.1ms)[0m   [0mINSERT INTO "responses_results" ("response_id", "result_id") VALUES (8, 3)[0m
  [4;36;1mResponse Create (0.5ms)[0m   [0;1mINSERT INTO "responses" ("question_id", "created_at", "updated_at", "text") VALUES(4, '2010-05-06 13:44:13', '2010-05-06 13:44:13', 'Yes')[0m
  [4;35;1mSQL (0.1ms)[0m   [0mINSERT INTO "responses_results" ("response_id", "result_id") VALUES (9, 3)[0m
  [4;36;1mSQL (0.1ms)[0m   [0;1mINSERT INTO "responses_results" ("response_id", "result_id") VALUES (9, 4)[0m
  [4;35;1mResponse Create (0.4ms)[0m   [0mINSERT INTO "responses" ("question_id", "created_at", "updated_at", "text") VALUES(4, '2010-05-06 13:44:14', '2010-05-06 13:44:14', 'No')[0m
  [4;36;1mSQL (0.2ms)[0m   [0;1mINSERT INTO "responses_results" ("response_id", "result_id") VALUES (10, 4)[0m
  [4;35;1mResponse Create (0.4ms)[0m   [0mINSERT INTO "responses" ("question_id", "created_at", "updated_at", "text") VALUES(5, '2010-05-06 13:44:14', '2010-05-06 13:44:14', 'Yes')[0m
  [4;36;1mSQL (0.1ms)[0m   [0;1mINSERT INTO "responses_results" ("response_id", "result_id") VALUES (11, 5)[0m
  [4;35;1mResponse Create (0.5ms)[0m   [0mINSERT INTO "responses" ("question_id", "created_at", "updated_at", "text") VALUES(5, '2010-05-06 13:44:14', '2010-05-06 13:44:14', 'No')[0m
  [4;36;1mSQL (0.2ms)[0m   [0;1mINSERT INTO "responses_results" ("response_id", "result_id") VALUES (12, 5)[0m


Processing QuestionTreeController#index (for 127.0.0.1 at 2010-05-06 23:46:26) [GET]

ActionView::MissingTemplate (Missing template question_tree/index.erb in view path app/views):
  haml (2.2.24) rails/./lib/sass/plugin/rails.rb:20:in `process'
  /Users/sseefried/.rvm/rubies/ruby-1.8.7-p249/lib/ruby/1.8/webrick/httpserver.rb:104:in `service'
  /Users/sseefried/.rvm/rubies/ruby-1.8.7-p249/lib/ruby/1.8/webrick/httpserver.rb:65:in `run'
  /Users/sseefried/.rvm/rubies/ruby-1.8.7-p249/lib/ruby/1.8/webrick/server.rb:173:in `start_thread'
  /Users/sseefried/.rvm/rubies/ruby-1.8.7-p249/lib/ruby/1.8/webrick/server.rb:162:in `start'
  /Users/sseefried/.rvm/rubies/ruby-1.8.7-p249/lib/ruby/1.8/webrick/server.rb:162:in `start_thread'
  /Users/sseefried/.rvm/rubies/ruby-1.8.7-p249/lib/ruby/1.8/webrick/server.rb:95:in `start'
  /Users/sseefried/.rvm/rubies/ruby-1.8.7-p249/lib/ruby/1.8/webrick/server.rb:92:in `each'
  /Users/sseefried/.rvm/rubies/ruby-1.8.7-p249/lib/ruby/1.8/webrick/server.rb:92:in `start'
  /Users/sseefried/.rvm/rubies/ruby-1.8.7-p249/lib/ruby/1.8/webrick/server.rb:23:in `start'
  /Users/sseefried/.rvm/rubies/ruby-1.8.7-p249/lib/ruby/1.8/webrick/server.rb:82:in `start'

Rendering rescues/layout (internal_server_error)


Processing QuestionTreeController#index (for 127.0.0.1 at 2010-05-06 23:46:42) [GET]
Rendering question_tree/index
Completed in 12ms (View: 10, DB: 0) | 200 OK [http://localhost/question_tree/index]


Processing QuestionTreeController#index (for 127.0.0.1 at 2010-05-06 23:47:01) [GET]
Rendering question_tree/index
Completed in 10ms (View: 8, DB: 0) | 200 OK [http://localhost/question_tree/index]


Processing QuestionTreeController#index (for 127.0.0.1 at 2010-05-06 23:48:01) [GET]
  [4;36;1mQuestion Load (3.4ms)[0m   [0;1mSELECT * FROM "questions" WHERE ("questions"."response_id" IS NULL) LIMIT 1[0m
  [4;35;1mQuestion Load (0.5ms)[0m   [0mSELECT * FROM "questions" WHERE ("questions"."id" = 1) [0m
Rendering question_tree/index
Completed in 37ms (View: 1, DB: 4) | 200 OK [http://localhost/question_tree/index]


Processing QuestionTreeController#index (for 127.0.0.1 at 2010-05-06 23:48:08) [GET]
  [4;36;1mQuestion Load (0.8ms)[0m   [0;1mSELECT * FROM "questions" WHERE ("questions"."response_id" IS NULL) LIMIT 1[0m
  [4;35;1mQuestion Load (0.4ms)[0m   [0mSELECT * FROM "questions" WHERE ("questions"."id" = 1) [0m
Rendering question_tree/index
Completed in 18ms (View: 7, DB: 1) | 200 OK [http://localhost/question_tree/index]


Processing QuestionTreeController#index (for 127.0.0.1 at 2010-05-06 23:49:21) [GET]
  [4;36;1mQuestion Load (0.8ms)[0m   [0;1mSELECT * FROM "questions" WHERE ("questions"."response_id" IS NULL) LIMIT 1[0m
  [4;35;1mQuestion Load (0.3ms)[0m   [0mSELECT * FROM "questions" WHERE ("questions"."id" = 1) [0m
Rendering question_tree/index

ActionView::TemplateError (undefined method `responses' for #<Question:0x27171ac>) on line #2 of app/views/question_tree/index.html.haml:
1: = @question.text
2: - @question.responses.each do |resp|
3:   = radio_button_tag resp.text, resp.id

    app/views/question_tree/index.html.haml:2:in `_run_haml_app47views47question_tree47index46html46haml'
    haml (2.2.24) rails/./lib/haml/helpers/action_view_mods.rb:13:in `render'
    haml (2.2.24) rails/./lib/sass/plugin/rails.rb:20:in `process'
    /Users/sseefried/.rvm/rubies/ruby-1.8.7-p249/lib/ruby/1.8/webrick/httpserver.rb:104:in `service'
    /Users/sseefried/.rvm/rubies/ruby-1.8.7-p249/lib/ruby/1.8/webrick/httpserver.rb:65:in `run'
    /Users/sseefried/.rvm/rubies/ruby-1.8.7-p249/lib/ruby/1.8/webrick/server.rb:173:in `start_thread'
    /Users/sseefried/.rvm/rubies/ruby-1.8.7-p249/lib/ruby/1.8/webrick/server.rb:162:in `start'
    /Users/sseefried/.rvm/rubies/ruby-1.8.7-p249/lib/ruby/1.8/webrick/server.rb:162:in `start_thread'
    /Users/sseefried/.rvm/rubies/ruby-1.8.7-p249/lib/ruby/1.8/webrick/server.rb:95:in `start'
    /Users/sseefried/.rvm/rubies/ruby-1.8.7-p249/lib/ruby/1.8/webrick/server.rb:92:in `each'
    /Users/sseefried/.rvm/rubies/ruby-1.8.7-p249/lib/ruby/1.8/webrick/server.rb:92:in `start'
    /Users/sseefried/.rvm/rubies/ruby-1.8.7-p249/lib/ruby/1.8/webrick/server.rb:23:in `start'
    /Users/sseefried/.rvm/rubies/ruby-1.8.7-p249/lib/ruby/1.8/webrick/server.rb:82:in `start'

Rendered rescues/_trace (82.6ms)
Rendered rescues/_request_and_response (29.7ms)
Rendering rescues/layout (internal_server_error)


Processing QuestionTreeController#index (for 127.0.0.1 at 2010-05-06 23:49:41) [GET]
  [4;36;1mQuestion Load (2.2ms)[0m   [0;1mSELECT * FROM "questions" WHERE ("questions"."response_id" IS NULL) LIMIT 1[0m
  [4;35;1mQuestion Load (0.5ms)[0m   [0mSELECT * FROM "questions" WHERE ("questions"."id" = 1) [0m
Rendering question_tree/index
  [4;36;1mResponse Load (1.2ms)[0m   [0;1mSELECT * FROM "responses" WHERE ("responses".question_id = 1) [0m
Completed in 36ms (View: 12, DB: 4) | 200 OK [http://localhost/question_tree/index]


Processing QuestionTreeController#index (for 127.0.0.1 at 2010-05-06 23:50:06) [GET]
  [4;35;1mQuestion Load (0.8ms)[0m   [0mSELECT * FROM "questions" WHERE ("questions"."response_id" IS NULL) LIMIT 1[0m
  [4;36;1mQuestion Load (0.4ms)[0m   [0;1mSELECT * FROM "questions" WHERE ("questions"."id" = 1) [0m
Rendering question_tree/index
  [4;35;1mResponse Load (0.6ms)[0m   [0mSELECT * FROM "responses" WHERE ("responses".question_id = 1) [0m
Completed in 30ms (View: 17, DB: 2) | 200 OK [http://localhost/question_tree/index]


Processing QuestionTreeController#index (for 127.0.0.1 at 2010-05-06 23:50:14) [GET]
  [4;36;1mQuestion Load (0.8ms)[0m   [0;1mSELECT * FROM "questions" WHERE ("questions"."response_id" IS NULL) LIMIT 1[0m
  [4;35;1mQuestion Load (0.4ms)[0m   [0mSELECT * FROM "questions" WHERE ("questions"."id" = 1) [0m
Rendering question_tree/index
  [4;36;1mResponse Load (0.5ms)[0m   [0;1mSELECT * FROM "responses" WHERE ("responses".question_id = 1) [0m
Completed in 29ms (View: 17, DB: 2) | 200 OK [http://localhost/question_tree/index]


Processing QuestionTreeController#index (for 127.0.0.1 at 2010-05-06 23:50:28) [GET]
  [4;35;1mQuestion Load (0.8ms)[0m   [0mSELECT * FROM "questions" WHERE ("questions"."response_id" IS NULL) LIMIT 1[0m
  [4;36;1mQuestion Load (0.4ms)[0m   [0;1mSELECT * FROM "questions" WHERE ("questions"."id" = 1) [0m
Rendering question_tree/index
  [4;35;1mResponse Load (0.6ms)[0m   [0mSELECT * FROM "responses" WHERE ("responses".question_id = 1) [0m
Completed in 27ms (View: 15, DB: 2) | 200 OK [http://localhost/question_tree/index]


Processing QuestionTreeController#index (for 127.0.0.1 at 2010-05-06 23:50:32) [GET]
  [4;36;1mQuestion Load (0.8ms)[0m   [0;1mSELECT * FROM "questions" WHERE ("questions"."response_id" IS NULL) LIMIT 1[0m
  [4;35;1mQuestion Load (0.3ms)[0m   [0mSELECT * FROM "questions" WHERE ("questions"."id" = 1) [0m
Rendering question_tree/index
  [4;36;1mResponse Load (0.5ms)[0m   [0;1mSELECT * FROM "responses" WHERE ("responses".question_id = 1) [0m
Completed in 29ms (View: 16, DB: 2) | 200 OK [http://localhost/question_tree/index]


Processing QuestionTreeController#index (for 127.0.0.1 at 2010-05-06 23:51:15) [GET]
  [4;35;1mQuestion Load (0.8ms)[0m   [0mSELECT * FROM "questions" WHERE ("questions"."response_id" IS NULL) LIMIT 1[0m
  [4;36;1mQuestion Load (0.4ms)[0m   [0;1mSELECT * FROM "questions" WHERE ("questions"."id" = 1) [0m
Rendering question_tree/index
ERROR: compiling _run_haml_app47views47question_tree47index46html46haml RAISED compile error
/Users/sseefried/Sites/myst-question-tree/app/views/question_tree/index.html.haml:8: syntax error, unexpected kENSURE, expecting $end
Function body:           def _run_haml_app47views47question_tree47index46html46haml(local_assigns)
            old_output_buffer = output_buffer;;begin;extend Haml::Helpers;_hamlout = @haml_buffer = Haml::Buffer.new(@haml_buffer, {:attr_wrapper=>"'", :preserve=>["textarea", "pre", "code"], :autoclose=>["meta", "img", "link", "br", "hr", "input", "area", "param", "col", "base"], :escape_html=>false, :format=>:xhtml, :ugly=>false, :encoding=>nil});_erbout = _hamlout.buffer;__in_erb_template = true;; form :action => 'submit';
_hamlout.push_text("#{haml_temp =  @question.text
_hamlout.format_script_false_false_false_false_false_true_false((haml_very_temp = haml_temp; haml_temp = nil; haml_very_temp));}\n<br />\n", 0, false);
 @question.responses.each do |resp|;
_hamlout.push_text("#{haml_temp =  radio_button_tag 'response_id', resp.id
_hamlout.format_script_false_false_false_false_false_true_false((haml_very_temp = haml_temp; haml_temp = nil; haml_very_temp));}\n#{haml_temp =  resp.text
_hamlout.format_script_false_false_false_false_false_true_false((haml_very_temp = haml_temp; haml_temp = nil; haml_very_temp));}\n<br />\n", 0, false);end;end;_erbout;ensure;@haml_buffer = @haml_buffer.upper;end;
          ensure
            self.output_buffer = old_output_buffer
          end
Backtrace: /Users/sseefried/Sites/myst-question-tree/app/views/question_tree/index.html.haml:8:in `compile!'
/Users/sseefried/.rvm/gems/ruby-1.8.7-p249@rails2.3.2/gems/actionpack-2.3.5/lib/action_view/renderable.rb:61:in `compile'
/Users/sseefried/.rvm/gems/ruby-1.8.7-p249@rails2.3.2/gems/actionpack-2.3.5/lib/action_view/renderable.rb:28:in `render'
/Users/sseefried/.rvm/gems/ruby-1.8.7-p249@rails2.3.2/gems/actionpack-2.3.5/lib/action_view/template.rb:205:in `render_template'
/Users/sseefried/.rvm/gems/ruby-1.8.7-p249@rails2.3.2/gems/actionpack-2.3.5/lib/action_view/base.rb:265:in `render_without_haml'
/Users/sseefried/.rvm/gems/ruby-1.8.7-p249@rails2.3.2/gems/haml-2.2.24/rails/../lib/haml/helpers/action_view_mods.rb:13:in `render'
/Users/sseefried/.rvm/gems/ruby-1.8.7-p249@rails2.3.2/gems/actionpack-2.3.5/lib/action_controller/base.rb:1250:in `render_for_file'
/Users/sseefried/.rvm/gems/ruby-1.8.7-p249@rails2.3.2/gems/actionpack-2.3.5/lib/action_controller/base.rb:945:in `render_without_benchmark'
/Users/sseefried/.rvm/gems/ruby-1.8.7-p249@rails2.3.2/gems/actionpack-2.3.5/lib/action_controller/benchmarking.rb:51:in `render'
/Users/sseefried/.rvm/gems/ruby-1.8.7-p249@rails2.3.2/gems/activesupport-2.3.5/lib/active_support/core_ext/benchmark.rb:17:in `ms'
/Users/sseefried/.rvm/rubies/ruby-1.8.7-p249/lib/ruby/1.8/benchmark.rb:308:in `realtime'
/Users/sseefried/.rvm/gems/ruby-1.8.7-p249@rails2.3.2/gems/activesupport-2.3.5/lib/active_support/core_ext/benchmark.rb:17:in `ms'
/Users/sseefried/.rvm/gems/ruby-1.8.7-p249@rails2.3.2/gems/actionpack-2.3.5/lib/action_controller/benchmarking.rb:51:in `render'
/Users/sseefried/.rvm/gems/ruby-1.8.7-p249@rails2.3.2/gems/actionpack-2.3.5/lib/action_controller/base.rb:1326:in `default_render'
/Users/sseefried/.rvm/gems/ruby-1.8.7-p249@rails2.3.2/gems/actionpack-2.3.5/lib/action_controller/base.rb:1332:in `perform_action_without_filters'
/Users/sseefried/.rvm/gems/ruby-1.8.7-p249@rails2.3.2/gems/actionpack-2.3.5/lib/action_controller/filters.rb:617:in `call_filters'
/Users/sseefried/.rvm/gems/ruby-1.8.7-p249@rails2.3.2/gems/actionpack-2.3.5/lib/action_controller/filters.rb:610:in `perform_action_without_benchmark'
/Users/sseefried/.rvm/gems/ruby-1.8.7-p249@rails2.3.2/gems/actionpack-2.3.5/lib/action_controller/benchmarking.rb:68:in `perform_action_without_rescue'
/Users/sseefried/.rvm/gems/ruby-1.8.7-p249@rails2.3.2/gems/activesupport-2.3.5/lib/active_support/core_ext/benchmark.rb:17:in `ms'
/Users/sseefried/.rvm/rubies/ruby-1.8.7-p249/lib/ruby/1.8/benchmark.rb:308:in `realtime'
/Users/sseefried/.rvm/gems/ruby-1.8.7-p249@rails2.3.2/gems/activesupport-2.3.5/lib/active_support/core_ext/benchmark.rb:17:in `ms'
/Users/sseefried/.rvm/gems/ruby-1.8.7-p249@rails2.3.2/gems/actionpack-2.3.5/lib/action_controller/benchmarking.rb:68:in `perform_action_without_rescue'
/Users/sseefried/.rvm/gems/ruby-1.8.7-p249@rails2.3.2/gems/actionpack-2.3.5/lib/action_controller/rescue.rb:160:in `perform_action_without_flash'
/Users/sseefried/.rvm/gems/ruby-1.8.7-p249@rails2.3.2/gems/actionpack-2.3.5/lib/action_controller/flash.rb:146:in `perform_action'
/Users/sseefried/.rvm/gems/ruby-1.8.7-p249@rails2.3.2/gems/actionpack-2.3.5/lib/action_controller/base.rb:532:in `send'
/Users/sseefried/.rvm/gems/ruby-1.8.7-p249@rails2.3.2/gems/actionpack-2.3.5/lib/action_controller/base.rb:532:in `process_without_filters'
/Users/sseefried/.rvm/gems/ruby-1.8.7-p249@rails2.3.2/gems/actionpack-2.3.5/lib/action_controller/filters.rb:606:in `sass_old_process'
/Users/sseefried/.rvm/gems/ruby-1.8.7-p249@rails2.3.2/gems/haml-2.2.24/rails/../lib/sass/plugin/rails.rb:20:in `process'
/Users/sseefried/.rvm/gems/ruby-1.8.7-p249@rails2.3.2/gems/actionpack-2.3.5/lib/action_controller/base.rb:391:in `process'
/Users/sseefried/.rvm/gems/ruby-1.8.7-p249@rails2.3.2/gems/actionpack-2.3.5/lib/action_controller/base.rb:386:in `call'
/Users/sseefried/.rvm/gems/ruby-1.8.7-p249@rails2.3.2/gems/actionpack-2.3.5/lib/action_controller/routing/route_set.rb:437:in `call'
/Users/sseefried/.rvm/gems/ruby-1.8.7-p249@rails2.3.2/gems/actionpack-2.3.5/lib/action_controller/dispatcher.rb:87:in `dispatch'
/Users/sseefried/.rvm/gems/ruby-1.8.7-p249@rails2.3.2/gems/actionpack-2.3.5/lib/action_controller/dispatcher.rb:121:in `_call'
/Users/sseefried/.rvm/gems/ruby-1.8.7-p249@rails2.3.2/gems/actionpack-2.3.5/lib/action_controller/dispatcher.rb:130
/Users/sseefried/.rvm/gems/ruby-1.8.7-p249@rails2.3.2/gems/activerecord-2.3.5/lib/active_record/query_cache.rb:29:in `call'
/Users/sseefried/.rvm/gems/ruby-1.8.7-p249@rails2.3.2/gems/activerecord-2.3.5/lib/active_record/query_cache.rb:29:in `call'
/Users/sseefried/.rvm/gems/ruby-1.8.7-p249@rails2.3.2/gems/activerecord-2.3.5/lib/active_record/connection_adapters/abstract/query_cache.rb:34:in `cache'
/Users/sseefried/.rvm/gems/ruby-1.8.7-p249@rails2.3.2/gems/activerecord-2.3.5/lib/active_record/query_cache.rb:9:in `cache'
/Users/sseefried/.rvm/gems/ruby-1.8.7-p249@rails2.3.2/gems/activerecord-2.3.5/lib/active_record/query_cache.rb:28:in `call'
/Users/sseefried/.rvm/gems/ruby-1.8.7-p249@rails2.3.2/gems/activerecord-2.3.5/lib/active_record/connection_adapters/abstract/connection_pool.rb:361:in `call'
/Users/sseefried/.rvm/gems/ruby-1.8.7-p249@rails2.3.2/gems/actionpack-2.3.5/lib/action_controller/string_coercion.rb:25:in `call'
/Users/sseefried/.rvm/gems/ruby-1.8.7-p249@rails2.3.2/gems/rack-1.0.1/lib/rack/head.rb:9:in `call'
/Users/sseefried/.rvm/gems/ruby-1.8.7-p249@rails2.3.2/gems/rack-1.0.1/lib/rack/methodoverride.rb:24:in `call'
/Users/sseefried/.rvm/gems/ruby-1.8.7-p249@rails2.3.2/gems/actionpack-2.3.5/lib/action_controller/params_parser.rb:15:in `call'
/Users/sseefried/.rvm/gems/ruby-1.8.7-p249@rails2.3.2/gems/actionpack-2.3.5/lib/action_controller/session/cookie_store.rb:93:in `call'
/Users/sseefried/.rvm/gems/ruby-1.8.7-p249@rails2.3.2/gems/actionpack-2.3.5/lib/action_controller/failsafe.rb:26:in `call'
/Users/sseefried/.rvm/gems/ruby-1.8.7-p249@rails2.3.2/gems/rack-1.0.1/lib/rack/lock.rb:11:in `call'
/Users/sseefried/.rvm/gems/ruby-1.8.7-p249@rails2.3.2/gems/rack-1.0.1/lib/rack/lock.rb:11:in `synchronize'
/Users/sseefried/.rvm/gems/ruby-1.8.7-p249@rails2.3.2/gems/rack-1.0.1/lib/rack/lock.rb:11:in `call'
/Users/sseefried/.rvm/gems/ruby-1.8.7-p249@rails2.3.2/gems/actionpack-2.3.5/lib/action_controller/dispatcher.rb:114:in `call'
/Users/sseefried/.rvm/gems/ruby-1.8.7-p249@rails2.3.2/gems/actionpack-2.3.5/lib/action_controller/reloader.rb:34:in `run'
/Users/sseefried/.rvm/gems/ruby-1.8.7-p249@rails2.3.2/gems/actionpack-2.3.5/lib/action_controller/dispatcher.rb:108:in `call'
/Users/sseefried/.rvm/gems/ruby-1.8.7-p249@rails2.3.2/gems/rails-2.3.5/lib/rails/rack/static.rb:31:in `call'
/Users/sseefried/.rvm/gems/ruby-1.8.7-p249@rails2.3.2/gems/rack-1.0.1/lib/rack/urlmap.rb:46:in `call'
/Users/sseefried/.rvm/gems/ruby-1.8.7-p249@rails2.3.2/gems/rack-1.0.1/lib/rack/urlmap.rb:40:in `each'
/Users/sseefried/.rvm/gems/ruby-1.8.7-p249@rails2.3.2/gems/rack-1.0.1/lib/rack/urlmap.rb:40:in `call'
/Users/sseefried/.rvm/gems/ruby-1.8.7-p249@rails2.3.2/gems/rails-2.3.5/lib/rails/rack/log_tailer.rb:17:in `call'
/Users/sseefried/.rvm/gems/ruby-1.8.7-p249@rails2.3.2/gems/rack-1.0.1/lib/rack/content_length.rb:13:in `call'
/Users/sseefried/.rvm/gems/ruby-1.8.7-p249@rails2.3.2/gems/rack-1.0.1/lib/rack/handler/webrick.rb:50:in `service'
/Users/sseefried/.rvm/rubies/ruby-1.8.7-p249/lib/ruby/1.8/webrick/httpserver.rb:104:in `service'
/Users/sseefried/.rvm/rubies/ruby-1.8.7-p249/lib/ruby/1.8/webrick/httpserver.rb:65:in `run'
/Users/sseefried/.rvm/rubies/ruby-1.8.7-p249/lib/ruby/1.8/webrick/server.rb:173:in `start_thread'
/Users/sseefried/.rvm/rubies/ruby-1.8.7-p249/lib/ruby/1.8/webrick/server.rb:162:in `start'
/Users/sseefried/.rvm/rubies/ruby-1.8.7-p249/lib/ruby/1.8/webrick/server.rb:162:in `start_thread'
/Users/sseefried/.rvm/rubies/ruby-1.8.7-p249/lib/ruby/1.8/webrick/server.rb:95:in `start'
/Users/sseefried/.rvm/rubies/ruby-1.8.7-p249/lib/ruby/1.8/webrick/server.rb:92:in `each'
/Users/sseefried/.rvm/rubies/ruby-1.8.7-p249/lib/ruby/1.8/webrick/server.rb:92:in `start'
/Users/sseefried/.rvm/rubies/ruby-1.8.7-p249/lib/ruby/1.8/webrick/server.rb:23:in `start'
/Users/sseefried/.rvm/rubies/ruby-1.8.7-p249/lib/ruby/1.8/webrick/server.rb:82:in `start'
/Users/sseefried/.rvm/gems/ruby-1.8.7-p249@rails2.3.2/gems/rack-1.0.1/lib/rack/handler/webrick.rb:14:in `run'
/Users/sseefried/.rvm/gems/ruby-1.8.7-p249@rails2.3.2/gems/rails-2.3.5/lib/commands/server.rb:111
/Users/sseefried/.rvm/rubies/ruby-1.8.7-p249/lib/ruby/site_ruby/1.8/rubygems/custom_require.rb:31:in `gem_original_require'
/Users/sseefried/.rvm/rubies/ruby-1.8.7-p249/lib/ruby/site_ruby/1.8/rubygems/custom_require.rb:31:in `require'
script/server:3

ActionView::TemplateError (compile error
/Users/sseefried/Sites/myst-question-tree/app/views/question_tree/index.html.haml:8: syntax error, unexpected kENSURE, expecting $end) on line #8 of app/views/question_tree/index.html.haml:
5:     = radio_button_tag 'response_id', resp.id
6:     = resp.text
7:     %br
8: 
9:   

    app/views/question_tree/index.html.haml:8:in `compile!'
    haml (2.2.24) rails/./lib/haml/helpers/action_view_mods.rb:13:in `render'
    haml (2.2.24) rails/./lib/sass/plugin/rails.rb:20:in `process'
    /Users/sseefried/.rvm/rubies/ruby-1.8.7-p249/lib/ruby/1.8/webrick/httpserver.rb:104:in `service'
    /Users/sseefried/.rvm/rubies/ruby-1.8.7-p249/lib/ruby/1.8/webrick/httpserver.rb:65:in `run'
    /Users/sseefried/.rvm/rubies/ruby-1.8.7-p249/lib/ruby/1.8/webrick/server.rb:173:in `start_thread'
    /Users/sseefried/.rvm/rubies/ruby-1.8.7-p249/lib/ruby/1.8/webrick/server.rb:162:in `start'
    /Users/sseefried/.rvm/rubies/ruby-1.8.7-p249/lib/ruby/1.8/webrick/server.rb:162:in `start_thread'
    /Users/sseefried/.rvm/rubies/ruby-1.8.7-p249/lib/ruby/1.8/webrick/server.rb:95:in `start'
    /Users/sseefried/.rvm/rubies/ruby-1.8.7-p249/lib/ruby/1.8/webrick/server.rb:92:in `each'
    /Users/sseefried/.rvm/rubies/ruby-1.8.7-p249/lib/ruby/1.8/webrick/server.rb:92:in `start'
    /Users/sseefried/.rvm/rubies/ruby-1.8.7-p249/lib/ruby/1.8/webrick/server.rb:23:in `start'
    /Users/sseefried/.rvm/rubies/ruby-1.8.7-p249/lib/ruby/1.8/webrick/server.rb:82:in `start'

Rendered rescues/_trace (75.4ms)
Rendered rescues/_request_and_response (0.4ms)
Rendering rescues/layout (internal_server_error)


Processing QuestionTreeController#index (for 127.0.0.1 at 2010-05-06 23:51:23) [GET]
  [4;35;1mQuestion Load (0.8ms)[0m   [0mSELECT * FROM "questions" WHERE ("questions"."response_id" IS NULL) LIMIT 1[0m
  [4;36;1mQuestion Load (0.4ms)[0m   [0;1mSELECT * FROM "questions" WHERE ("questions"."id" = 1) [0m
Rendering question_tree/index

ActionView::TemplateError (undefined method `nil_class_path' for #<ActionView::Base:0x2772d2c>) on line #1 of app/views/question_tree/index.html.haml:
1: - form_for :action => 'submit' do
2:   = @question.text
3:   %br
4:   - @question.responses.each do |resp|

    haml (2.2.24) rails/./lib/haml/helpers/action_view_mods.rb:210:in `form_for'
    app/views/question_tree/index.html.haml:1:in `_run_haml_app47views47question_tree47index46html46haml'
    haml (2.2.24) rails/./lib/haml/helpers/action_view_mods.rb:13:in `render'
    haml (2.2.24) rails/./lib/sass/plugin/rails.rb:20:in `process'
    /Users/sseefried/.rvm/rubies/ruby-1.8.7-p249/lib/ruby/1.8/webrick/httpserver.rb:104:in `service'
    /Users/sseefried/.rvm/rubies/ruby-1.8.7-p249/lib/ruby/1.8/webrick/httpserver.rb:65:in `run'
    /Users/sseefried/.rvm/rubies/ruby-1.8.7-p249/lib/ruby/1.8/webrick/server.rb:173:in `start_thread'
    /Users/sseefried/.rvm/rubies/ruby-1.8.7-p249/lib/ruby/1.8/webrick/server.rb:162:in `start'
    /Users/sseefried/.rvm/rubies/ruby-1.8.7-p249/lib/ruby/1.8/webrick/server.rb:162:in `start_thread'
    /Users/sseefried/.rvm/rubies/ruby-1.8.7-p249/lib/ruby/1.8/webrick/server.rb:95:in `start'
    /Users/sseefried/.rvm/rubies/ruby-1.8.7-p249/lib/ruby/1.8/webrick/server.rb:92:in `each'
    /Users/sseefried/.rvm/rubies/ruby-1.8.7-p249/lib/ruby/1.8/webrick/server.rb:92:in `start'
    /Users/sseefried/.rvm/rubies/ruby-1.8.7-p249/lib/ruby/1.8/webrick/server.rb:23:in `start'
    /Users/sseefried/.rvm/rubies/ruby-1.8.7-p249/lib/ruby/1.8/webrick/server.rb:82:in `start'

Rendered rescues/_trace (85.6ms)
Rendered rescues/_request_and_response (0.4ms)
Rendering rescues/layout (internal_server_error)


Processing QuestionTreeController#index (for 127.0.0.1 at 2010-05-06 23:51:44) [GET]
  [4;35;1mQuestion Load (0.8ms)[0m   [0mSELECT * FROM "questions" WHERE ("questions"."response_id" IS NULL) LIMIT 1[0m
  [4;36;1mQuestion Load (0.3ms)[0m   [0;1mSELECT * FROM "questions" WHERE ("questions"."id" = 1) [0m
Rendering question_tree/index
  [4;35;1mResponse Load (0.5ms)[0m   [0mSELECT * FROM "responses" WHERE ("responses".question_id = 1) [0m
Completed in 55ms (View: 43, DB: 2) | 200 OK [http://localhost/question_tree/index]


Processing QuestionTreeController#index (for 127.0.0.1 at 2010-05-06 23:51:53) [GET]
  [4;36;1mQuestion Load (0.9ms)[0m   [0;1mSELECT * FROM "questions" WHERE ("questions"."response_id" IS NULL) LIMIT 1[0m
  [4;35;1mQuestion Load (0.3ms)[0m   [0mSELECT * FROM "questions" WHERE ("questions"."id" = 1) [0m
Rendering question_tree/index
  [4;36;1mResponse Load (0.6ms)[0m   [0;1mSELECT * FROM "responses" WHERE ("responses".question_id = 1) [0m
Completed in 29ms (View: 17, DB: 2) | 200 OK [http://localhost/question_tree/index]


Processing QuestionTreeController#index (for 127.0.0.1 at 2010-05-06 23:51:56) [GET]
  [4;35;1mQuestion Load (0.8ms)[0m   [0mSELECT * FROM "questions" WHERE ("questions"."response_id" IS NULL) LIMIT 1[0m
  [4;36;1mQuestion Load (0.3ms)[0m   [0;1mSELECT * FROM "questions" WHERE ("questions"."id" = 1) [0m
Rendering question_tree/index
  [4;35;1mResponse Load (0.6ms)[0m   [0mSELECT * FROM "responses" WHERE ("responses".question_id = 1) [0m
Completed in 30ms (View: 18, DB: 2) | 200 OK [http://localhost/question_tree/index]


Processing QuestionTreeController#index (for 127.0.0.1 at 2010-05-06 23:52:10) [GET]
  [4;36;1mQuestion Load (0.9ms)[0m   [0;1mSELECT * FROM "questions" WHERE ("questions"."response_id" IS NULL) LIMIT 1[0m
  [4;35;1mQuestion Load (0.4ms)[0m   [0mSELECT * FROM "questions" WHERE ("questions"."id" = 1) [0m
Rendering question_tree/index
  [4;36;1mResponse Load (0.6ms)[0m   [0;1mSELECT * FROM "responses" WHERE ("responses".question_id = 1) [0m
Completed in 31ms (View: 18, DB: 2) | 200 OK [http://localhost/question_tree/index]


Processing QuestionTreeController#submit (for 127.0.0.1 at 2010-05-06 23:52:11) [POST]
  Parameters: {"commit"=>"Next", "authenticity_token"=>"5Lr0N17LLJPb+87250BcuxDhuEiKTHKeDoeVKlmI+ww="}

ActionController::UnknownAction (No action responded to submit. Actions: index):
  haml (2.2.24) rails/./lib/sass/plugin/rails.rb:20:in `process'
  /Users/sseefried/.rvm/rubies/ruby-1.8.7-p249/lib/ruby/1.8/webrick/httpserver.rb:104:in `service'
  /Users/sseefried/.rvm/rubies/ruby-1.8.7-p249/lib/ruby/1.8/webrick/httpserver.rb:65:in `run'
  /Users/sseefried/.rvm/rubies/ruby-1.8.7-p249/lib/ruby/1.8/webrick/server.rb:173:in `start_thread'
  /Users/sseefried/.rvm/rubies/ruby-1.8.7-p249/lib/ruby/1.8/webrick/server.rb:162:in `start'
  /Users/sseefried/.rvm/rubies/ruby-1.8.7-p249/lib/ruby/1.8/webrick/server.rb:162:in `start_thread'
  /Users/sseefried/.rvm/rubies/ruby-1.8.7-p249/lib/ruby/1.8/webrick/server.rb:95:in `start'
  /Users/sseefried/.rvm/rubies/ruby-1.8.7-p249/lib/ruby/1.8/webrick/server.rb:92:in `each'
  /Users/sseefried/.rvm/rubies/ruby-1.8.7-p249/lib/ruby/1.8/webrick/server.rb:92:in `start'
  /Users/sseefried/.rvm/rubies/ruby-1.8.7-p249/lib/ruby/1.8/webrick/server.rb:23:in `start'
  /Users/sseefried/.rvm/rubies/ruby-1.8.7-p249/lib/ruby/1.8/webrick/server.rb:82:in `start'

Rendering rescues/layout (not_found)


Processing QuestionTreeController#submit (for 127.0.0.1 at 2010-05-06 23:53:06) [POST]
  Parameters: {"commit"=>"Next", "authenticity_token"=>"5Lr0N17LLJPb+87250BcuxDhuEiKTHKeDoeVKlmI+ww="}

ActionController::UnknownAction (No action responded to submit. Actions: index and next):
  haml (2.2.24) rails/./lib/sass/plugin/rails.rb:20:in `process'
  /Users/sseefried/.rvm/rubies/ruby-1.8.7-p249/lib/ruby/1.8/webrick/httpserver.rb:104:in `service'
  /Users/sseefried/.rvm/rubies/ruby-1.8.7-p249/lib/ruby/1.8/webrick/httpserver.rb:65:in `run'
  /Users/sseefried/.rvm/rubies/ruby-1.8.7-p249/lib/ruby/1.8/webrick/server.rb:173:in `start_thread'
  /Users/sseefried/.rvm/rubies/ruby-1.8.7-p249/lib/ruby/1.8/webrick/server.rb:162:in `start'
  /Users/sseefried/.rvm/rubies/ruby-1.8.7-p249/lib/ruby/1.8/webrick/server.rb:162:in `start_thread'
  /Users/sseefried/.rvm/rubies/ruby-1.8.7-p249/lib/ruby/1.8/webrick/server.rb:95:in `start'
  /Users/sseefried/.rvm/rubies/ruby-1.8.7-p249/lib/ruby/1.8/webrick/server.rb:92:in `each'
  /Users/sseefried/.rvm/rubies/ruby-1.8.7-p249/lib/ruby/1.8/webrick/server.rb:92:in `start'
  /Users/sseefried/.rvm/rubies/ruby-1.8.7-p249/lib/ruby/1.8/webrick/server.rb:23:in `start'
  /Users/sseefried/.rvm/rubies/ruby-1.8.7-p249/lib/ruby/1.8/webrick/server.rb:82:in `start'

Rendering rescues/layout (not_found)


Processing QuestionTreeController#index (for 127.0.0.1 at 2010-05-06 23:53:15) [GET]
  [4;35;1mQuestion Load (0.8ms)[0m   [0mSELECT * FROM "questions" WHERE ("questions"."response_id" IS NULL) LIMIT 1[0m
  [4;36;1mQuestion Load (0.3ms)[0m   [0;1mSELECT * FROM "questions" WHERE ("questions"."id" = 1) [0m
Rendering question_tree/index
  [4;35;1mResponse Load (0.6ms)[0m   [0mSELECT * FROM "responses" WHERE ("responses".question_id = 1) [0m
Completed in 30ms (View: 19, DB: 2) | 200 OK [http://localhost/question_tree/]


Processing QuestionTreeController#next (for 127.0.0.1 at 2010-05-06 23:53:19) [POST]
  Parameters: {"commit"=>"Next", "authenticity_token"=>"5Lr0N17LLJPb+87250BcuxDhuEiKTHKeDoeVKlmI+ww=", "response_id"=>"1"}
Rendering question_tree/index

ActionView::TemplateError (undefined method `text' for nil:NilClass) on line #2 of app/views/question_tree/index.html.haml:
1: - form_tag :action => 'next' do
2:   = @question.text
3:   %br
4:   - @question.responses.each do |resp|
5:     = radio_button_tag 'response_id', resp.id

    app/views/question_tree/index.html.haml:2
    haml (2.2.24) rails/./lib/haml/helpers/action_view_mods.rb:181:in `call'
    haml (2.2.24) rails/./lib/haml/helpers/action_view_mods.rb:181
    haml (2.2.24) lib/haml/helpers.rb:567:in `call'
    haml (2.2.24) lib/haml/helpers.rb:567
    haml (2.2.24) lib/haml/helpers.rb:343:in `call'
    haml (2.2.24) lib/haml/helpers.rb:343:in `capture_haml'
    haml (2.2.24) lib/haml/helpers.rb:545:in `with_haml_buffer'
    haml (2.2.24) lib/haml/helpers.rb:339:in `capture_haml'
    haml (2.2.24) rails/./lib/haml/helpers/action_view_mods.rb:88:in `capture'
    haml (2.2.24) rails/./lib/haml/helpers/action_view_mods.rb:187:in `form_tag'
    app/views/question_tree/index.html.haml:1:in `_run_haml_app47views47question_tree47index46html46haml'
    haml (2.2.24) rails/./lib/haml/helpers/action_view_mods.rb:13:in `render'
    app/controllers/question_tree_controller.rb:10:in `next'
    haml (2.2.24) rails/./lib/sass/plugin/rails.rb:20:in `process'
    /Users/sseefried/.rvm/rubies/ruby-1.8.7-p249/lib/ruby/1.8/webrick/httpserver.rb:104:in `service'
    /Users/sseefried/.rvm/rubies/ruby-1.8.7-p249/lib/ruby/1.8/webrick/httpserver.rb:65:in `run'
    /Users/sseefried/.rvm/rubies/ruby-1.8.7-p249/lib/ruby/1.8/webrick/server.rb:173:in `start_thread'
    /Users/sseefried/.rvm/rubies/ruby-1.8.7-p249/lib/ruby/1.8/webrick/server.rb:162:in `start'
    /Users/sseefried/.rvm/rubies/ruby-1.8.7-p249/lib/ruby/1.8/webrick/server.rb:162:in `start_thread'
    /Users/sseefried/.rvm/rubies/ruby-1.8.7-p249/lib/ruby/1.8/webrick/server.rb:95:in `start'
    /Users/sseefried/.rvm/rubies/ruby-1.8.7-p249/lib/ruby/1.8/webrick/server.rb:92:in `each'
    /Users/sseefried/.rvm/rubies/ruby-1.8.7-p249/lib/ruby/1.8/webrick/server.rb:92:in `start'
    /Users/sseefried/.rvm/rubies/ruby-1.8.7-p249/lib/ruby/1.8/webrick/server.rb:23:in `start'
    /Users/sseefried/.rvm/rubies/ruby-1.8.7-p249/lib/ruby/1.8/webrick/server.rb:82:in `start'

Rendered rescues/_trace (186.0ms)
Rendered rescues/_request_and_response (0.4ms)
Rendering rescues/layout (internal_server_error)


Processing QuestionTreeController#index (for 127.0.0.1 at 2010-05-06 23:56:22) [GET]
  [4;36;1mQuestion Load (0.8ms)[0m   [0;1mSELECT * FROM "questions" WHERE ("questions"."response_id" IS NULL) LIMIT 1[0m
  [4;35;1mQuestion Load (0.3ms)[0m   [0mSELECT * FROM "questions" WHERE ("questions"."id" = 1) [0m
Rendering question_tree/index
  [4;36;1mResponse Load (0.6ms)[0m   [0;1mSELECT * FROM "responses" WHERE ("responses".question_id = 1) [0m
Completed in 32ms (View: 20, DB: 2) | 200 OK [http://localhost/question_tree/]


Processing QuestionTreeController#next (for 127.0.0.1 at 2010-05-06 23:56:25) [POST]
  Parameters: {"commit"=>"Next", "authenticity_token"=>"5Lr0N17LLJPb+87250BcuxDhuEiKTHKeDoeVKlmI+ww=", "response_id"=>"1"}
  [4;35;1mResponse Load (0.3ms)[0m   [0mSELECT * FROM "responses" WHERE ("responses"."id" = 1) [0m
  [4;36;1mQuestion Load (0.3ms)[0m   [0;1mSELECT * FROM "questions" WHERE ("questions".response_id = 1) LIMIT 1[0m
Rendering question_tree/index
  [4;35;1mResult Load (0.6ms)[0m   [0mSELECT * FROM "results" INNER JOIN "responses_results" ON "results".id = "responses_results".result_id WHERE ("responses_results".response_id = 1 ) [0m
Completed in 24ms (View: 4, DB: 1) | 200 OK [http://localhost/question_tree/next]


Processing QuestionTreeController#next (for 127.0.0.1 at 2010-05-06 23:56:33) [POST]
  Parameters: {"commit"=>"Next", "authenticity_token"=>"5Lr0N17LLJPb+87250BcuxDhuEiKTHKeDoeVKlmI+ww=", "response_id"=>"1"}
  [4;36;1mResponse Load (0.5ms)[0m   [0;1mSELECT * FROM "responses" WHERE ("responses"."id" = 1) [0m
  [4;35;1mQuestion Load (0.5ms)[0m   [0mSELECT * FROM "questions" WHERE ("questions".response_id = 1) LIMIT 1[0m
Rendering question_tree/index
  [4;36;1mResult Load (0.5ms)[0m   [0;1mSELECT * FROM "results" INNER JOIN "responses_results" ON "results".id = "responses_results".result_id WHERE ("responses_results".response_id = 1 ) [0m
Completed in 40ms (View: 12, DB: 2) | 200 OK [http://localhost/question_tree/next]


Processing QuestionTreeController#next (for 127.0.0.1 at 2010-05-06 23:56:38) [POST]
  Parameters: {"commit"=>"Next", "authenticity_token"=>"5Lr0N17LLJPb+87250BcuxDhuEiKTHKeDoeVKlmI+ww=", "response_id"=>"1"}
  [4;35;1mResponse Load (0.3ms)[0m   [0mSELECT * FROM "responses" WHERE ("responses"."id" = 1) [0m
  [4;36;1mQuestion Load (0.3ms)[0m   [0;1mSELECT * FROM "questions" WHERE ("questions".response_id = 1) LIMIT 1[0m
Rendering question_tree/index
  [4;35;1mResult Load (0.5ms)[0m   [0mSELECT * FROM "results" INNER JOIN "responses_results" ON "results".id = "responses_results".result_id WHERE ("responses_results".response_id = 1 ) [0m
Completed in 31ms (View: 12, DB: 1) | 200 OK [http://localhost/question_tree/next]


Processing QuestionTreeController#next (for 127.0.0.1 at 2010-05-06 23:56:46) [POST]
  Parameters: {"commit"=>"Next", "authenticity_token"=>"5Lr0N17LLJPb+87250BcuxDhuEiKTHKeDoeVKlmI+ww=", "response_id"=>"1"}
  [4;36;1mResponse Load (0.3ms)[0m   [0;1mSELECT * FROM "responses" WHERE ("responses"."id" = 1) [0m
  [4;35;1mQuestion Load (0.3ms)[0m   [0mSELECT * FROM "questions" WHERE ("questions".response_id = 1) LIMIT 1[0m
Rendering question_tree/index
  [4;36;1mResult Load (0.5ms)[0m   [0;1mSELECT * FROM "results" INNER JOIN "responses_results" ON "results".id = "responses_results".result_id WHERE ("responses_results".response_id = 1 ) [0m
Completed in 122ms (View: 12, DB: 1) | 200 OK [http://localhost/question_tree/next]


Processing QuestionTreeController#next (for 127.0.0.1 at 2010-05-06 23:56:54) [POST]
  Parameters: {"commit"=>"Next", "authenticity_token"=>"5Lr0N17LLJPb+87250BcuxDhuEiKTHKeDoeVKlmI+ww=", "response_id"=>"1"}
  [4;35;1mResponse Load (0.5ms)[0m   [0mSELECT * FROM "responses" WHERE ("responses"."id" = 1) [0m
  [4;36;1mQuestion Load (0.3ms)[0m   [0;1mSELECT * FROM "questions" WHERE ("questions".response_id = 1) LIMIT 1[0m
Rendering question_tree/index
  [4;35;1mResult Load (0.5ms)[0m   [0mSELECT * FROM "results" INNER JOIN "responses_results" ON "results".id = "responses_results".result_id WHERE ("responses_results".response_id = 1 ) [0m
Completed in 33ms (View: 12, DB: 1) | 200 OK [http://localhost/question_tree/next]


Processing QuestionTreeController#next (for 127.0.0.1 at 2010-05-06 23:57:01) [POST]
  Parameters: {"commit"=>"Next", "authenticity_token"=>"5Lr0N17LLJPb+87250BcuxDhuEiKTHKeDoeVKlmI+ww=", "response_id"=>"1"}
  [4;36;1mResponse Load (0.4ms)[0m   [0;1mSELECT * FROM "responses" WHERE ("responses"."id" = 1) [0m
  [4;35;1mQuestion Load (0.3ms)[0m   [0mSELECT * FROM "questions" WHERE ("questions".response_id = 1) LIMIT 1[0m
Rendering question_tree/index
  [4;36;1mResult Load (0.5ms)[0m   [0;1mSELECT * FROM "results" INNER JOIN "responses_results" ON "results".id = "responses_results".result_id WHERE ("responses_results".response_id = 1 ) [0m
Completed in 32ms (View: 12, DB: 1) | 200 OK [http://localhost/question_tree/next]


Processing QuestionTreeController#index (for 127.0.0.1 at 2010-05-06 23:57:06) [GET]
  [4;35;1mQuestion Load (0.8ms)[0m   [0mSELECT * FROM "questions" WHERE ("questions"."response_id" IS NULL) LIMIT 1[0m
  [4;36;1mQuestion Load (0.3ms)[0m   [0;1mSELECT * FROM "questions" WHERE ("questions"."id" = 1) [0m
Rendering question_tree/index
  [4;35;1mResponse Load (0.6ms)[0m   [0mSELECT * FROM "responses" WHERE ("responses".question_id = 1) [0m
Completed in 24ms (View: 12, DB: 2) | 200 OK [http://localhost/question_tree/]


Processing QuestionTreeController#next (for 127.0.0.1 at 2010-05-06 23:57:08) [POST]
  Parameters: {"commit"=>"Next", "authenticity_token"=>"5Lr0N17LLJPb+87250BcuxDhuEiKTHKeDoeVKlmI+ww=", "response_id"=>"2"}
  [4;36;1mResponse Load (0.4ms)[0m   [0;1mSELECT * FROM "responses" WHERE ("responses"."id" = 2) [0m
  [4;35;1mQuestion Load (0.3ms)[0m   [0mSELECT * FROM "questions" WHERE ("questions".response_id = 2) LIMIT 1[0m
Rendering question_tree/index
  [4;36;1mResult Load (0.3ms)[0m   [0;1mSELECT * FROM "results" INNER JOIN "responses_results" ON "results".id = "responses_results".result_id WHERE ("responses_results".response_id = 2 ) [0m
Completed in 21ms (View: 2, DB: 1) | 200 OK [http://localhost/question_tree/next]
  [4;36;1mResponse Load (3.1ms)[0m   [0;1mSELECT * FROM "responses" LIMIT 1[0m
  [4;35;1mResponse Load (0.6ms)[0m   [0mSELECT * FROM "responses" LIMIT 1[0m
  [4;36;1mQuestion Load (0.5ms)[0m   [0;1mSELECT * FROM "questions" WHERE ("questions".response_id = 1) LIMIT 1[0m


Processing QuestionTreeController#next (for 127.0.0.1 at 2010-05-06 23:58:20) [POST]
  Parameters: {"commit"=>"Next", "authenticity_token"=>"5Lr0N17LLJPb+87250BcuxDhuEiKTHKeDoeVKlmI+ww=", "response_id"=>"2"}

ArgumentError (Unknown key(s): class):
  (eval):3:in `has_one'
  app/models/response.rb:4
  app/controllers/question_tree_controller.rb:9:in `next'
  haml (2.2.24) rails/./lib/sass/plugin/rails.rb:20:in `process'
  /Users/sseefried/.rvm/rubies/ruby-1.8.7-p249/lib/ruby/1.8/webrick/httpserver.rb:104:in `service'
  /Users/sseefried/.rvm/rubies/ruby-1.8.7-p249/lib/ruby/1.8/webrick/httpserver.rb:65:in `run'
  /Users/sseefried/.rvm/rubies/ruby-1.8.7-p249/lib/ruby/1.8/webrick/server.rb:173:in `start_thread'
  /Users/sseefried/.rvm/rubies/ruby-1.8.7-p249/lib/ruby/1.8/webrick/server.rb:162:in `start'
  /Users/sseefried/.rvm/rubies/ruby-1.8.7-p249/lib/ruby/1.8/webrick/server.rb:162:in `start_thread'
  /Users/sseefried/.rvm/rubies/ruby-1.8.7-p249/lib/ruby/1.8/webrick/server.rb:95:in `start'
  /Users/sseefried/.rvm/rubies/ruby-1.8.7-p249/lib/ruby/1.8/webrick/server.rb:92:in `each'
  /Users/sseefried/.rvm/rubies/ruby-1.8.7-p249/lib/ruby/1.8/webrick/server.rb:92:in `start'
  /Users/sseefried/.rvm/rubies/ruby-1.8.7-p249/lib/ruby/1.8/webrick/server.rb:23:in `start'
  /Users/sseefried/.rvm/rubies/ruby-1.8.7-p249/lib/ruby/1.8/webrick/server.rb:82:in `start'

Rendered rescues/_trace (168.9ms)
Rendered rescues/_request_and_response (0.4ms)
Rendering rescues/layout (internal_server_error)


Processing QuestionTreeController#next (for 127.0.0.1 at 2010-05-06 23:59:12) [POST]
  Parameters: {"commit"=>"Next", "authenticity_token"=>"5Lr0N17LLJPb+87250BcuxDhuEiKTHKeDoeVKlmI+ww=", "response_id"=>"2"}
  [4;35;1mResponse Load (0.4ms)[0m   [0mSELECT * FROM "responses" WHERE ("responses"."id" = 2) [0m

NoMethodError (undefined method `question' for #<Response:0x26f0188>):
  app/controllers/question_tree_controller.rb:10:in `next'
  haml (2.2.24) rails/./lib/sass/plugin/rails.rb:20:in `process'
  /Users/sseefried/.rvm/rubies/ruby-1.8.7-p249/lib/ruby/1.8/webrick/httpserver.rb:104:in `service'
  /Users/sseefried/.rvm/rubies/ruby-1.8.7-p249/lib/ruby/1.8/webrick/httpserver.rb:65:in `run'
  /Users/sseefried/.rvm/rubies/ruby-1.8.7-p249/lib/ruby/1.8/webrick/server.rb:173:in `start_thread'
  /Users/sseefried/.rvm/rubies/ruby-1.8.7-p249/lib/ruby/1.8/webrick/server.rb:162:in `start'
  /Users/sseefried/.rvm/rubies/ruby-1.8.7-p249/lib/ruby/1.8/webrick/server.rb:162:in `start_thread'
  /Users/sseefried/.rvm/rubies/ruby-1.8.7-p249/lib/ruby/1.8/webrick/server.rb:95:in `start'
  /Users/sseefried/.rvm/rubies/ruby-1.8.7-p249/lib/ruby/1.8/webrick/server.rb:92:in `each'
  /Users/sseefried/.rvm/rubies/ruby-1.8.7-p249/lib/ruby/1.8/webrick/server.rb:92:in `start'
  /Users/sseefried/.rvm/rubies/ruby-1.8.7-p249/lib/ruby/1.8/webrick/server.rb:23:in `start'
  /Users/sseefried/.rvm/rubies/ruby-1.8.7-p249/lib/ruby/1.8/webrick/server.rb:82:in `start'

Rendered rescues/_trace (62.4ms)
Rendered rescues/_request_and_response (0.4ms)
Rendering rescues/layout (internal_server_error)


Processing QuestionTreeController#next (for 127.0.0.1 at 2010-05-06 23:59:23) [POST]
  Parameters: {"commit"=>"Next", "authenticity_token"=>"5Lr0N17LLJPb+87250BcuxDhuEiKTHKeDoeVKlmI+ww=", "response_id"=>"2"}
  [4;36;1mResponse Load (0.3ms)[0m   [0;1mSELECT * FROM "responses" WHERE ("responses"."id" = 2) [0m
  [4;35;1mQuestion Load (0.3ms)[0m   [0mSELECT * FROM "questions" WHERE ("questions".response_id = 2) LIMIT 1[0m
Rendering question_tree/index
  [4;36;1mResult Load (0.3ms)[0m   [0;1mSELECT * FROM "results" INNER JOIN "responses_results" ON "results".id = "responses_results".result_id WHERE ("responses_results".response_id = 2 ) [0m
Completed in 22ms (View: 2, DB: 1) | 200 OK [http://localhost/question_tree/next]


Processing QuestionTreeController#= (for 127.0.0.1 at 2010-05-06 23:59:31) [GET]

ActionController::UnknownAction (No action responded to =. Actions: index and next):
  haml (2.2.24) rails/./lib/sass/plugin/rails.rb:20:in `process'
  /Users/sseefried/.rvm/rubies/ruby-1.8.7-p249/lib/ruby/1.8/webrick/httpserver.rb:104:in `service'
  /Users/sseefried/.rvm/rubies/ruby-1.8.7-p249/lib/ruby/1.8/webrick/httpserver.rb:65:in `run'
  /Users/sseefried/.rvm/rubies/ruby-1.8.7-p249/lib/ruby/1.8/webrick/server.rb:173:in `start_thread'
  /Users/sseefried/.rvm/rubies/ruby-1.8.7-p249/lib/ruby/1.8/webrick/server.rb:162:in `start'
  /Users/sseefried/.rvm/rubies/ruby-1.8.7-p249/lib/ruby/1.8/webrick/server.rb:162:in `start_thread'
  /Users/sseefried/.rvm/rubies/ruby-1.8.7-p249/lib/ruby/1.8/webrick/server.rb:95:in `start'
  /Users/sseefried/.rvm/rubies/ruby-1.8.7-p249/lib/ruby/1.8/webrick/server.rb:92:in `each'
  /Users/sseefried/.rvm/rubies/ruby-1.8.7-p249/lib/ruby/1.8/webrick/server.rb:92:in `start'
  /Users/sseefried/.rvm/rubies/ruby-1.8.7-p249/lib/ruby/1.8/webrick/server.rb:23:in `start'
  /Users/sseefried/.rvm/rubies/ruby-1.8.7-p249/lib/ruby/1.8/webrick/server.rb:82:in `start'

Rendering rescues/layout (not_found)


Processing QuestionTreeController#index (for 127.0.0.1 at 2010-05-06 23:59:32) [GET]
  [4;35;1mQuestion Load (0.8ms)[0m   [0mSELECT * FROM "questions" WHERE ("questions"."response_id" IS NULL) LIMIT 1[0m
  [4;36;1mQuestion Load (0.3ms)[0m   [0;1mSELECT * FROM "questions" WHERE ("questions"."id" = 1) [0m
Rendering question_tree/index
  [4;35;1mResponse Load (0.5ms)[0m   [0mSELECT * FROM "responses" WHERE ("responses".question_id = 1) [0m
Completed in 23ms (View: 11, DB: 2) | 200 OK [http://localhost/question_tree/]


Processing QuestionTreeController#next (for 127.0.0.1 at 2010-05-06 23:59:34) [POST]
  Parameters: {"commit"=>"Next", "authenticity_token"=>"5Lr0N17LLJPb+87250BcuxDhuEiKTHKeDoeVKlmI+ww=", "response_id"=>"2"}
  [4;36;1mResponse Load (0.3ms)[0m   [0;1mSELECT * FROM "responses" WHERE ("responses"."id" = 2) [0m
  [4;35;1mQuestion Load (0.3ms)[0m   [0mSELECT * FROM "questions" WHERE ("questions".response_id = 2) LIMIT 1[0m
Rendering question_tree/index
  [4;36;1mResult Load (0.3ms)[0m   [0;1mSELECT * FROM "results" INNER JOIN "responses_results" ON "results".id = "responses_results".result_id WHERE ("responses_results".response_id = 2 ) [0m
Completed in 113ms (View: 2, DB: 1) | 200 OK [http://localhost/question_tree/next]
  [4;36;1mQuestion Delete all (5.8ms)[0m   [0;1mDELETE FROM "questions" WHERE 1=1[0m
  [4;35;1mResponse Delete all (2.6ms)[0m   [0mDELETE FROM "responses" WHERE 1=1[0m
  [4;36;1mResult Delete all (2.2ms)[0m   [0;1mDELETE FROM "results" WHERE 1=1[0m
  [4;35;1mResult Create (0.8ms)[0m   [0mINSERT INTO "results" ("created_at", "textile", "updated_at") VALUES('2010-05-06 14:00:19', 'Call: Child & Adolescent Mental Health Service', '2010-05-06 14:00:19')[0m
  [4;36;1mResult Create (0.4ms)[0m   [0;1mINSERT INTO "results" ("created_at", "textile", "updated_at") VALUES('2010-05-06 14:00:19', 'Call: Mountains Youth Services Team', '2010-05-06 14:00:19')[0m
  [4;35;1mResult Create (0.4ms)[0m   [0mINSERT INTO "results" ("created_at", "textile", "updated_at") VALUES('2010-05-06 14:00:19', 'Call: Sydney West Area Health Service', '2010-05-06 14:00:19')[0m
  [4;36;1mResult Create (0.4ms)[0m   [0;1mINSERT INTO "results" ("created_at", "textile", "updated_at") VALUES('2010-05-06 14:00:19', 'Call: Katoomba Community Health Service', '2010-05-06 14:00:19')[0m
  [4;35;1mResult Create (0.4ms)[0m   [0mINSERT INTO "results" ("created_at", "textile", "updated_at") VALUES('2010-05-06 14:00:19', 'Call: Nepean Adolescent Drug and Alcohol Intervention Service', '2010-05-06 14:00:19')[0m
  [4;36;1mQuestion Create (0.5ms)[0m   [0;1mINSERT INTO "questions" ("created_at", "updated_at", "text", "response_id") VALUES('2010-05-06 14:00:19', '2010-05-06 14:00:19', 'Is the client in immediate risk of self harm to others?', NULL)[0m
  [4;36;1mQuestion Delete all (5.3ms)[0m   [0;1mDELETE FROM "questions" WHERE 1=1[0m
  [4;35;1mResponse Delete all (0.9ms)[0m   [0mDELETE FROM "responses" WHERE 1=1[0m
  [4;36;1mResult Delete all (2.1ms)[0m   [0;1mDELETE FROM "results" WHERE 1=1[0m
  [4;35;1mResult Create (0.9ms)[0m   [0mINSERT INTO "results" ("created_at", "textile", "updated_at") VALUES('2010-05-06 14:00:56', 'Call: Child & Adolescent Mental Health Service', '2010-05-06 14:00:56')[0m
  [4;36;1mResult Create (0.4ms)[0m   [0;1mINSERT INTO "results" ("created_at", "textile", "updated_at") VALUES('2010-05-06 14:00:56', 'Call: Mountains Youth Services Team', '2010-05-06 14:00:56')[0m
  [4;35;1mResult Create (0.5ms)[0m   [0mINSERT INTO "results" ("created_at", "textile", "updated_at") VALUES('2010-05-06 14:00:56', 'Call: Sydney West Area Health Service', '2010-05-06 14:00:56')[0m
  [4;36;1mResult Create (0.5ms)[0m   [0;1mINSERT INTO "results" ("created_at", "textile", "updated_at") VALUES('2010-05-06 14:00:56', 'Call: Katoomba Community Health Service', '2010-05-06 14:00:56')[0m
  [4;35;1mResult Create (0.5ms)[0m   [0mINSERT INTO "results" ("created_at", "textile", "updated_at") VALUES('2010-05-06 14:00:56', 'Call: Nepean Adolescent Drug and Alcohol Intervention Service', '2010-05-06 14:00:56')[0m
  [4;36;1mQuestion Create (1.0ms)[0m   [0;1mINSERT INTO "questions" ("created_at", "updated_at", "text", "response_id") VALUES('2010-05-06 14:00:56', '2010-05-06 14:00:56', 'Is the client in immediate risk of self harm to others?', NULL)[0m


Processing QuestionTreeController#next (for 127.0.0.1 at 2010-05-07 00:01:19) [POST]
  Parameters: {"commit"=>"Next", "authenticity_token"=>"5Lr0N17LLJPb+87250BcuxDhuEiKTHKeDoeVKlmI+ww=", "response_id"=>"2"}
  [4;35;1mResponse Load (0.2ms)[0m   [0mSELECT * FROM "responses" WHERE ("responses"."id" = 2) [0m

ActiveRecord::RecordNotFound (Couldn't find Response with ID=2):
  app/controllers/question_tree_controller.rb:9:in `next'
  haml (2.2.24) rails/./lib/sass/plugin/rails.rb:20:in `process'
  /Users/sseefried/.rvm/rubies/ruby-1.8.7-p249/lib/ruby/1.8/webrick/httpserver.rb:104:in `service'
  /Users/sseefried/.rvm/rubies/ruby-1.8.7-p249/lib/ruby/1.8/webrick/httpserver.rb:65:in `run'
  /Users/sseefried/.rvm/rubies/ruby-1.8.7-p249/lib/ruby/1.8/webrick/server.rb:173:in `start_thread'
  /Users/sseefried/.rvm/rubies/ruby-1.8.7-p249/lib/ruby/1.8/webrick/server.rb:162:in `start'
  /Users/sseefried/.rvm/rubies/ruby-1.8.7-p249/lib/ruby/1.8/webrick/server.rb:162:in `start_thread'
  /Users/sseefried/.rvm/rubies/ruby-1.8.7-p249/lib/ruby/1.8/webrick/server.rb:95:in `start'
  /Users/sseefried/.rvm/rubies/ruby-1.8.7-p249/lib/ruby/1.8/webrick/server.rb:92:in `each'
  /Users/sseefried/.rvm/rubies/ruby-1.8.7-p249/lib/ruby/1.8/webrick/server.rb:92:in `start'
  /Users/sseefried/.rvm/rubies/ruby-1.8.7-p249/lib/ruby/1.8/webrick/server.rb:23:in `start'
  /Users/sseefried/.rvm/rubies/ruby-1.8.7-p249/lib/ruby/1.8/webrick/server.rb:82:in `start'

Rendered rescues/_trace (66.1ms)
Rendered rescues/_request_and_response (0.4ms)
Rendering rescues/layout (not_found)


Processing QuestionTreeController#index (for 127.0.0.1 at 2010-05-07 00:01:23) [GET]
  [4;36;1mQuestion Load (0.8ms)[0m   [0;1mSELECT * FROM "questions" WHERE ("questions"."response_id" IS NULL) LIMIT 1[0m
  [4;35;1mQuestion Load (0.4ms)[0m   [0mSELECT * FROM "questions" WHERE ("questions"."id" = 7) [0m
Rendering question_tree/index
  [4;36;1mResponse Load (0.3ms)[0m   [0;1mSELECT * FROM "responses" WHERE ("responses".question_id = 7) [0m
Completed in 20ms (View: 8, DB: 1) | 200 OK [http://localhost/question_tree]


Processing QuestionTreeController#index (for 127.0.0.1 at 2010-05-07 00:01:35) [GET]
  [4;35;1mQuestion Load (0.8ms)[0m   [0mSELECT * FROM "questions" WHERE ("questions"."response_id" IS NULL) LIMIT 1[0m
  [4;36;1mQuestion Load (0.4ms)[0m   [0;1mSELECT * FROM "questions" WHERE ("questions"."id" = 7) [0m
Rendering question_tree/index
  [4;35;1mResponse Load (0.3ms)[0m   [0mSELECT * FROM "responses" WHERE ("responses".question_id = 7) [0m
Completed in 20ms (View: 8, DB: 2) | 200 OK [http://localhost/question_tree/index]


Processing QuestionTreeController#1 (for 127.0.0.1 at 2010-05-07 00:01:39) [GET]

ActionController::UnknownAction (No action responded to 1. Actions: index and next):
  haml (2.2.24) rails/./lib/sass/plugin/rails.rb:20:in `process'
  /Users/sseefried/.rvm/rubies/ruby-1.8.7-p249/lib/ruby/1.8/webrick/httpserver.rb:104:in `service'
  /Users/sseefried/.rvm/rubies/ruby-1.8.7-p249/lib/ruby/1.8/webrick/httpserver.rb:65:in `run'
  /Users/sseefried/.rvm/rubies/ruby-1.8.7-p249/lib/ruby/1.8/webrick/server.rb:173:in `start_thread'
  /Users/sseefried/.rvm/rubies/ruby-1.8.7-p249/lib/ruby/1.8/webrick/server.rb:162:in `start'
  /Users/sseefried/.rvm/rubies/ruby-1.8.7-p249/lib/ruby/1.8/webrick/server.rb:162:in `start_thread'
  /Users/sseefried/.rvm/rubies/ruby-1.8.7-p249/lib/ruby/1.8/webrick/server.rb:95:in `start'
  /Users/sseefried/.rvm/rubies/ruby-1.8.7-p249/lib/ruby/1.8/webrick/server.rb:92:in `each'
  /Users/sseefried/.rvm/rubies/ruby-1.8.7-p249/lib/ruby/1.8/webrick/server.rb:92:in `start'
  /Users/sseefried/.rvm/rubies/ruby-1.8.7-p249/lib/ruby/1.8/webrick/server.rb:23:in `start'
  /Users/sseefried/.rvm/rubies/ruby-1.8.7-p249/lib/ruby/1.8/webrick/server.rb:82:in `start'

Rendering rescues/layout (not_found)


Processing QuestionTreeController#index (for 127.0.0.1 at 2010-05-07 00:01:42) [GET]
  [4;36;1mQuestion Load (0.8ms)[0m   [0;1mSELECT * FROM "questions" WHERE ("questions"."response_id" IS NULL) LIMIT 1[0m
  [4;35;1mQuestion Load (0.3ms)[0m   [0mSELECT * FROM "questions" WHERE ("questions"."id" = 7) [0m
Rendering question_tree/index
  [4;36;1mResponse Load (0.3ms)[0m   [0;1mSELECT * FROM "responses" WHERE ("responses".question_id = 7) [0m
Completed in 20ms (View: 8, DB: 1) | 200 OK [http://localhost/question_tree/index]


Processing QuestionTreeController#index (for 127.0.0.1 at 2010-05-07 00:02:09) [GET]
  [4;35;1mQuestion Load (0.8ms)[0m   [0mSELECT * FROM "questions" WHERE ("questions"."response_id" IS NULL) LIMIT 1[0m
  [4;36;1mQuestion Load (0.4ms)[0m   [0;1mSELECT * FROM "questions" WHERE ("questions"."id" = 7) [0m
Rendering question_tree/index
  [4;35;1mResponse Load (0.3ms)[0m   [0mSELECT * FROM "responses" WHERE ("responses".question_id = 7) [0m
Completed in 113ms (View: 9, DB: 1) | 200 OK [http://localhost/question_tree/index]


Processing QuestionTreeController#index (for 127.0.0.1 at 2010-05-07 00:02:10) [GET]
  [4;36;1mQuestion Load (0.8ms)[0m   [0;1mSELECT * FROM "questions" WHERE ("questions"."response_id" IS NULL) LIMIT 1[0m
  [4;35;1mQuestion Load (0.4ms)[0m   [0mSELECT * FROM "questions" WHERE ("questions"."id" = 7) [0m
Rendering question_tree/index
  [4;36;1mResponse Load (0.3ms)[0m   [0;1mSELECT * FROM "responses" WHERE ("responses".question_id = 7) [0m
Completed in 20ms (View: 8, DB: 1) | 200 OK [http://localhost/question_tree/index]
  [4;36;1mQuestion Delete all (5.7ms)[0m   [0;1mDELETE FROM "questions" WHERE 1=1[0m
  [4;35;1mResponse Delete all (1.3ms)[0m   [0mDELETE FROM "responses" WHERE 1=1[0m
  [4;36;1mResult Delete all (2.2ms)[0m   [0;1mDELETE FROM "results" WHERE 1=1[0m
  [4;35;1mResult Create (0.9ms)[0m   [0mINSERT INTO "results" ("created_at", "textile", "updated_at") VALUES('2010-05-06 14:02:14', 'Call: Child & Adolescent Mental Health Service', '2010-05-06 14:02:14')[0m
  [4;36;1mResult Create (0.5ms)[0m   [0;1mINSERT INTO "results" ("created_at", "textile", "updated_at") VALUES('2010-05-06 14:02:14', 'Call: Mountains Youth Services Team', '2010-05-06 14:02:14')[0m
  [4;35;1mResult Create (0.5ms)[0m   [0mINSERT INTO "results" ("created_at", "textile", "updated_at") VALUES('2010-05-06 14:02:14', 'Call: Sydney West Area Health Service', '2010-05-06 14:02:14')[0m
  [4;36;1mResult Create (0.4ms)[0m   [0;1mINSERT INTO "results" ("created_at", "textile", "updated_at") VALUES('2010-05-06 14:02:14', 'Call: Katoomba Community Health Service', '2010-05-06 14:02:14')[0m
  [4;35;1mResult Create (0.4ms)[0m   [0mINSERT INTO "results" ("created_at", "textile", "updated_at") VALUES('2010-05-06 14:02:14', 'Call: Nepean Adolescent Drug and Alcohol Intervention Service', '2010-05-06 14:02:14')[0m
  [4;36;1mQuestion Create (0.5ms)[0m   [0;1mINSERT INTO "questions" ("created_at", "updated_at", "text", "response_id") VALUES('2010-05-06 14:02:14', '2010-05-06 14:02:14', 'Is the client in immediate risk of self harm or to others?', NULL)[0m
  [4;36;1mQuestion Load (3.3ms)[0m   [0;1mSELECT * FROM "questions" WHERE ("questions"."response_id" IS NULL) [0m
  [4;35;1mQuestion Load (0.7ms)[0m   [0mSELECT * FROM "questions" WHERE ("questions"."response_id" IS NULL) LIMIT 1[0m
  [4;36;1mQuestion Load (0.6ms)[0m   [0;1mSELECT * FROM "questions" WHERE ("questions"."response_id" IS NULL) LIMIT 1[0m
  [4;35;1mResponse Load (0.5ms)[0m   [0mSELECT * FROM "responses" WHERE ("responses".question_id = 8) [0m


Processing QuestionTreeController#index (for 127.0.0.1 at 2010-05-07 00:03:13) [GET]
  [4;35;1mQuestion Load (0.8ms)[0m   [0mSELECT * FROM "questions" WHERE ("questions"."response_id" IS NULL) LIMIT 1[0m
  [4;36;1mQuestion Load (0.4ms)[0m   [0;1mSELECT * FROM "questions" WHERE ("questions"."id" = 8) [0m
Rendering question_tree/index
  [4;35;1mResponse Load (0.3ms)[0m   [0mSELECT * FROM "responses" WHERE ("responses".question_id = 8) [0m
Completed in 23ms (View: 9, DB: 1) | 200 OK [http://localhost/question_tree/index]
  [4;36;1mQuestion Load (0.7ms)[0m   [0;1mSELECT * FROM "questions" WHERE ("questions"."response_id" IS NULL) LIMIT 1[0m
  [4;35;1mResponse Load (0.2ms)[0m   [0mSELECT * FROM "responses" WHERE ("responses".question_id = 8) [0m


Processing QuestionTreeController#index (for 127.0.0.1 at 2010-05-07 00:03:20) [GET]
  [4;36;1mQuestion Load (1.0ms)[0m   [0;1mSELECT * FROM "questions" WHERE ("questions"."response_id" IS NULL) LIMIT 1[0m
  [4;35;1mQuestion Load (0.4ms)[0m   [0mSELECT * FROM "questions" WHERE ("questions"."id" = 8) [0m
Rendering question_tree/index
  [4;36;1mResponse Load (0.3ms)[0m   [0;1mSELECT * FROM "responses" WHERE ("responses".question_id = 8) [0m
Completed in 21ms (View: 9, DB: 2) | 200 OK [http://localhost/question_tree/index]


Processing QuestionTreeController#index (for 127.0.0.1 at 2010-05-07 00:03:21) [GET]
  [4;35;1mQuestion Load (0.8ms)[0m   [0mSELECT * FROM "questions" WHERE ("questions"."response_id" IS NULL) LIMIT 1[0m
  [4;36;1mQuestion Load (0.3ms)[0m   [0;1mSELECT * FROM "questions" WHERE ("questions"."id" = 8) [0m
Rendering question_tree/index
  [4;35;1mResponse Load (0.3ms)[0m   [0mSELECT * FROM "responses" WHERE ("responses".question_id = 8) [0m
Completed in 20ms (View: 9, DB: 1) | 200 OK [http://localhost/question_tree/index]


Processing QuestionTreeController#index (for 127.0.0.1 at 2010-05-07 00:03:22) [GET]
  [4;36;1mQuestion Load (0.8ms)[0m   [0;1mSELECT * FROM "questions" WHERE ("questions"."response_id" IS NULL) LIMIT 1[0m
  [4;35;1mQuestion Load (0.3ms)[0m   [0mSELECT * FROM "questions" WHERE ("questions"."id" = 8) [0m
Rendering question_tree/index
  [4;36;1mResponse Load (0.3ms)[0m   [0;1mSELECT * FROM "responses" WHERE ("responses".question_id = 8) [0m
Completed in 20ms (View: 9, DB: 1) | 200 OK [http://localhost/question_tree/index]


Processing QuestionTreeController#index (for 127.0.0.1 at 2010-05-07 00:03:28) [GET]
  [4;35;1mQuestion Load (0.8ms)[0m   [0mSELECT * FROM "questions" WHERE ("questions"."response_id" IS NULL) LIMIT 1[0m
  [4;36;1mQuestion Load (0.4ms)[0m   [0;1mSELECT * FROM "questions" WHERE ("questions"."id" = 8) [0m
Rendering question_tree/index
  [4;35;1mResponse Load (0.3ms)[0m   [0mSELECT * FROM "responses" WHERE ("responses".question_id = 8) [0m
Completed in 21ms (View: 9, DB: 1) | 200 OK [http://localhost/question_tree/index]


Processing QuestionTreeController#index (for 127.0.0.1 at 2010-05-07 00:03:28) [GET]
  [4;36;1mQuestion Load (0.8ms)[0m   [0;1mSELECT * FROM "questions" WHERE ("questions"."response_id" IS NULL) LIMIT 1[0m
  [4;35;1mQuestion Load (0.4ms)[0m   [0mSELECT * FROM "questions" WHERE ("questions"."id" = 8) [0m
Rendering question_tree/index
  [4;36;1mResponse Load (0.3ms)[0m   [0;1mSELECT * FROM "responses" WHERE ("responses".question_id = 8) [0m
Completed in 132ms (View: 109, DB: 2) | 200 OK [http://localhost/question_tree/index]


Processing QuestionTreeController#index (for 127.0.0.1 at 2010-05-07 00:03:28) [GET]
  [4;35;1mQuestion Load (0.8ms)[0m   [0mSELECT * FROM "questions" WHERE ("questions"."response_id" IS NULL) LIMIT 1[0m
  [4;36;1mQuestion Load (0.4ms)[0m   [0;1mSELECT * FROM "questions" WHERE ("questions"."id" = 8) [0m
Rendering question_tree/index
  [4;35;1mResponse Load (0.4ms)[0m   [0mSELECT * FROM "responses" WHERE ("responses".question_id = 8) [0m
Completed in 24ms (View: 11, DB: 2) | 200 OK [http://localhost/question_tree/index]


Processing QuestionTreeController#index (for 127.0.0.1 at 2010-05-07 00:03:29) [GET]
  [4;36;1mQuestion Load (0.8ms)[0m   [0;1mSELECT * FROM "questions" WHERE ("questions"."response_id" IS NULL) LIMIT 1[0m
  [4;35;1mQuestion Load (0.4ms)[0m   [0mSELECT * FROM "questions" WHERE ("questions"."id" = 8) [0m
Rendering question_tree/index
  [4;36;1mResponse Load (0.3ms)[0m   [0;1mSELECT * FROM "responses" WHERE ("responses".question_id = 8) [0m
Completed in 21ms (View: 9, DB: 2) | 200 OK [http://localhost/question_tree/index]


Processing QuestionTreeController#index (for 127.0.0.1 at 2010-05-07 00:03:32) [GET]
  [4;35;1mQuestion Load (0.8ms)[0m   [0mSELECT * FROM "questions" WHERE ("questions"."response_id" IS NULL) LIMIT 1[0m
  [4;36;1mQuestion Load (0.4ms)[0m   [0;1mSELECT * FROM "questions" WHERE ("questions"."id" = 8) [0m
Rendering question_tree/index
  [4;35;1mResponse Load (0.3ms)[0m   [0mSELECT * FROM "responses" WHERE ("responses".question_id = 8) [0m
Completed in 22ms (View: 8, DB: 2) | 200 OK [http://localhost/question_tree/index]


Processing QuestionTreeController#index (for 127.0.0.1 at 2010-05-07 00:03:32) [GET]
  [4;36;1mQuestion Load (0.8ms)[0m   [0;1mSELECT * FROM "questions" WHERE ("questions"."response_id" IS NULL) LIMIT 1[0m
  [4;35;1mQuestion Load (0.4ms)[0m   [0mSELECT * FROM "questions" WHERE ("questions"."id" = 8) [0m
Rendering question_tree/index
  [4;36;1mResponse Load (0.3ms)[0m   [0;1mSELECT * FROM "responses" WHERE ("responses".question_id = 8) [0m
Completed in 20ms (View: 8, DB: 1) | 200 OK [http://localhost/question_tree/index]


Processing QuestionTreeController#index (for 127.0.0.1 at 2010-05-07 00:03:33) [GET]
  [4;35;1mQuestion Load (0.8ms)[0m   [0mSELECT * FROM "questions" WHERE ("questions"."response_id" IS NULL) LIMIT 1[0m
  [4;36;1mQuestion Load (0.4ms)[0m   [0;1mSELECT * FROM "questions" WHERE ("questions"."id" = 8) [0m
Rendering question_tree/index
  [4;35;1mResponse Load (0.3ms)[0m   [0mSELECT * FROM "responses" WHERE ("responses".question_id = 8) [0m
Completed in 22ms (View: 9, DB: 1) | 200 OK [http://localhost/question_tree/index]
  [4;36;1mQuestion Delete all (11.6ms)[0m   [0;1mDELETE FROM "questions" WHERE 1=1[0m
  [4;35;1mResponse Delete all (0.9ms)[0m   [0mDELETE FROM "responses" WHERE 1=1[0m
  [4;36;1mResult Delete all (6.3ms)[0m   [0;1mDELETE FROM "results" WHERE 1=1[0m
  [4;35;1mResult Create (0.9ms)[0m   [0mINSERT INTO "results" ("created_at", "textile", "updated_at") VALUES('2010-05-06 14:03:38', 'Call: Child & Adolescent Mental Health Service', '2010-05-06 14:03:38')[0m
  [4;36;1mResult Create (0.5ms)[0m   [0;1mINSERT INTO "results" ("created_at", "textile", "updated_at") VALUES('2010-05-06 14:03:38', 'Call: Mountains Youth Services Team', '2010-05-06 14:03:38')[0m
  [4;35;1mResult Create (0.6ms)[0m   [0mINSERT INTO "results" ("created_at", "textile", "updated_at") VALUES('2010-05-06 14:03:38', 'Call: Sydney West Area Health Service', '2010-05-06 14:03:38')[0m
  [4;36;1mResult Create (5.4ms)[0m   [0;1mINSERT INTO "results" ("created_at", "textile", "updated_at") VALUES('2010-05-06 14:03:38', 'Call: Katoomba Community Health Service', '2010-05-06 14:03:38')[0m
  [4;35;1mResult Create (0.5ms)[0m   [0mINSERT INTO "results" ("created_at", "textile", "updated_at") VALUES('2010-05-06 14:03:38', 'Call: Nepean Adolescent Drug and Alcohol Intervention Service', '2010-05-06 14:03:38')[0m
  [4;36;1mQuestion Create (2.3ms)[0m   [0;1mINSERT INTO "questions" ("created_at", "updated_at", "text", "response_id") VALUES('2010-05-06 14:03:38', '2010-05-06 14:03:38', 'Is the client in immediate risk of self harm or to others?', NULL)[0m
  [4;35;1mResponse Create (0.7ms)[0m   [0mINSERT INTO "responses" ("question_id", "created_at", "updated_at", "text") VALUES(9, '2010-05-06 14:03:38', '2010-05-06 14:03:38', 'Yes')[0m
  [4;36;1mSQL (0.2ms)[0m   [0;1mINSERT INTO "responses_results" ("response_id", "result_id") VALUES (13, 21)[0m
  [4;35;1mResponse Create (0.5ms)[0m   [0mINSERT INTO "responses" ("question_id", "created_at", "updated_at", "text") VALUES(9, '2010-05-06 14:03:38', '2010-05-06 14:03:38', 'No')[0m
  [4;36;1mQuestion Create (1.2ms)[0m   [0;1mINSERT INTO "questions" ("created_at", "updated_at", "text", "response_id") VALUES('2010-05-06 14:03:38', '2010-05-06 14:03:38', 'What is the Key Presenting Issue', 14)[0m
  [4;35;1mResponse Create (0.5ms)[0m   [0mINSERT INTO "responses" ("question_id", "created_at", "updated_at", "text") VALUES(10, '2010-05-06 14:03:38', '2010-05-06 14:03:38', 'Depression')[0m
  [4;36;1mResponse Create (0.4ms)[0m   [0;1mINSERT INTO "responses" ("question_id", "created_at", "updated_at", "text") VALUES(10, '2010-05-06 14:03:38', '2010-05-06 14:03:38', 'Self Harm')[0m
  [4;35;1mResponse Create (0.5ms)[0m   [0mINSERT INTO "responses" ("question_id", "created_at", "updated_at", "text") VALUES(10, '2010-05-06 14:03:38', '2010-05-06 14:03:38', 'Anxiety')[0m
  [4;36;1mResponse Create (0.5ms)[0m   [0;1mINSERT INTO "responses" ("question_id", "created_at", "updated_at", "text") VALUES(10, '2010-05-06 14:03:38', '2010-05-06 14:03:38', 'D&A')[0m
  [4;35;1mSQL (0.2ms)[0m   [0mINSERT INTO "responses_results" ("response_id", "result_id") VALUES (18, 25)[0m
  [4;36;1mQuestion Create (0.6ms)[0m   [0;1mINSERT INTO "questions" ("created_at", "updated_at", "text", "response_id") VALUES('2010-05-06 14:03:38', '2010-05-06 14:03:38', 'Is the client on medication?', 15)[0m
  [4;35;1mQuestion Create (0.6ms)[0m   [0mINSERT INTO "questions" ("created_at", "updated_at", "text", "response_id") VALUES('2010-05-06 14:03:38', '2010-05-06 14:03:38', 'Is the client living at home?', 16)[0m
  [4;36;1mQuestion Create (0.6ms)[0m   [0;1mINSERT INTO "questions" ("created_at", "updated_at", "text", "response_id") VALUES('2010-05-06 14:03:38', '2010-05-06 14:03:38', 'Is the client on medication?', 17)[0m
  [4;35;1mResponse Create (0.5ms)[0m   [0mINSERT INTO "responses" ("question_id", "created_at", "updated_at", "text") VALUES(11, '2010-05-06 14:03:38', '2010-05-06 14:03:38', 'Yes')[0m
  [4;36;1mSQL (0.2ms)[0m   [0;1mINSERT INTO "responses_results" ("response_id", "result_id") VALUES (19, 23)[0m
  [4;35;1mResponse Create (0.5ms)[0m   [0mINSERT INTO "responses" ("question_id", "created_at", "updated_at", "text") VALUES(11, '2010-05-06 14:03:38', '2010-05-06 14:03:38', 'No')[0m
  [4;36;1mSQL (0.3ms)[0m   [0;1mINSERT INTO "responses_results" ("response_id", "result_id") VALUES (20, 22)[0m
  [4;35;1mSQL (0.1ms)[0m   [0mINSERT INTO "responses_results" ("response_id", "result_id") VALUES (20, 23)[0m
  [4;36;1mResponse Create (0.5ms)[0m   [0;1mINSERT INTO "responses" ("question_id", "created_at", "updated_at", "text") VALUES(12, '2010-05-06 14:03:38', '2010-05-06 14:03:38', 'Yes')[0m
  [4;35;1mSQL (0.2ms)[0m   [0mINSERT INTO "responses_results" ("response_id", "result_id") VALUES (21, 23)[0m
  [4;36;1mSQL (0.1ms)[0m   [0;1mINSERT INTO "responses_results" ("response_id", "result_id") VALUES (21, 24)[0m
  [4;35;1mResponse Create (0.5ms)[0m   [0mINSERT INTO "responses" ("question_id", "created_at", "updated_at", "text") VALUES(12, '2010-05-06 14:03:38', '2010-05-06 14:03:38', 'No')[0m
  [4;36;1mSQL (0.2ms)[0m   [0;1mINSERT INTO "responses_results" ("response_id", "result_id") VALUES (22, 24)[0m
  [4;35;1mResponse Create (0.5ms)[0m   [0mINSERT INTO "responses" ("question_id", "created_at", "updated_at", "text") VALUES(13, '2010-05-06 14:03:38', '2010-05-06 14:03:38', 'Yes')[0m
  [4;36;1mSQL (0.3ms)[0m   [0;1mINSERT INTO "responses_results" ("response_id", "result_id") VALUES (23, 25)[0m
  [4;35;1mResponse Create (0.5ms)[0m   [0mINSERT INTO "responses" ("question_id", "created_at", "updated_at", "text") VALUES(13, '2010-05-06 14:03:38', '2010-05-06 14:03:38', 'No')[0m
  [4;36;1mSQL (0.2ms)[0m   [0;1mINSERT INTO "responses_results" ("response_id", "result_id") VALUES (24, 25)[0m


Processing QuestionTreeController#index (for 127.0.0.1 at 2010-05-07 00:03:39) [GET]
  [4;36;1mQuestion Load (0.9ms)[0m   [0;1mSELECT * FROM "questions" WHERE ("questions"."response_id" IS NULL) LIMIT 1[0m
  [4;35;1mQuestion Load (0.4ms)[0m   [0mSELECT * FROM "questions" WHERE ("questions"."id" = 9) [0m
Rendering question_tree/index
  [4;36;1mResponse Load (0.6ms)[0m   [0;1mSELECT * FROM "responses" WHERE ("responses".question_id = 9) [0m
Completed in 28ms (View: 15, DB: 2) | 200 OK [http://localhost/question_tree/index]


Processing QuestionTreeController#index (for 127.0.0.1 at 2010-05-07 00:03:44) [GET]
  [4;35;1mQuestion Load (0.8ms)[0m   [0mSELECT * FROM "questions" WHERE ("questions"."response_id" IS NULL) LIMIT 1[0m
  [4;36;1mQuestion Load (0.4ms)[0m   [0;1mSELECT * FROM "questions" WHERE ("questions"."id" = 9) [0m
Rendering question_tree/index
  [4;35;1mResponse Load (0.6ms)[0m   [0mSELECT * FROM "responses" WHERE ("responses".question_id = 9) [0m
Completed in 23ms (View: 11, DB: 2) | 200 OK [http://localhost/question_tree/index]


Processing QuestionTreeController#next (for 127.0.0.1 at 2010-05-07 00:03:46) [POST]
  Parameters: {"commit"=>"Next", "authenticity_token"=>"5Lr0N17LLJPb+87250BcuxDhuEiKTHKeDoeVKlmI+ww=", "response_id"=>"14"}
  [4;36;1mResponse Load (0.4ms)[0m   [0;1mSELECT * FROM "responses" WHERE ("responses"."id" = 14) [0m
  [4;35;1mQuestion Load (0.4ms)[0m   [0mSELECT * FROM "questions" WHERE ("questions".response_id = 14) LIMIT 1[0m
Rendering question_tree/index
  [4;36;1mResponse Load (0.9ms)[0m   [0;1mSELECT * FROM "responses" WHERE ("responses".question_id = 10) [0m
Completed in 25ms (View: 8, DB: 2) | 200 OK [http://localhost/question_tree/next]


Processing QuestionTreeController#next (for 127.0.0.1 at 2010-05-07 00:03:48) [POST]
  Parameters: {"commit"=>"Next", "authenticity_token"=>"5Lr0N17LLJPb+87250BcuxDhuEiKTHKeDoeVKlmI+ww=", "response_id"=>"16"}
  [4;35;1mResponse Load (0.3ms)[0m   [0mSELECT * FROM "responses" WHERE ("responses"."id" = 16) [0m
  [4;36;1mQuestion Load (0.5ms)[0m   [0;1mSELECT * FROM "questions" WHERE ("questions".response_id = 16) LIMIT 1[0m
Rendering question_tree/index
  [4;35;1mResponse Load (0.5ms)[0m   [0mSELECT * FROM "responses" WHERE ("responses".question_id = 12) [0m
Completed in 23ms (View: 7, DB: 1) | 200 OK [http://localhost/question_tree/next]


Processing QuestionTreeController#next (for 127.0.0.1 at 2010-05-07 00:04:17) [POST]
  Parameters: {"commit"=>"Next", "authenticity_token"=>"5Lr0N17LLJPb+87250BcuxDhuEiKTHKeDoeVKlmI+ww=", "response_id"=>"16"}
  [4;36;1mResponse Load (0.6ms)[0m   [0;1mSELECT * FROM "responses" WHERE ("responses"."id" = 16) [0m
  [4;35;1mQuestion Load (0.6ms)[0m   [0mSELECT * FROM "questions" WHERE ("questions".response_id = 16) LIMIT 1[0m
Rendering question_tree/index
  [4;36;1mResponse Load (0.6ms)[0m   [0;1mSELECT * FROM "responses" WHERE ("responses".question_id = 12) [0m
Completed in 35ms (View: 17, DB: 2) | 200 OK [http://localhost/question_tree/next]


Processing QuestionTreeController#next (for 127.0.0.1 at 2010-05-07 00:04:32) [POST]
  Parameters: {"commit"=>"Next", "authenticity_token"=>"5Lr0N17LLJPb+87250BcuxDhuEiKTHKeDoeVKlmI+ww=", "response_id"=>"16"}
  [4;35;1mResponse Load (0.4ms)[0m   [0mSELECT * FROM "responses" WHERE ("responses"."id" = 16) [0m
  [4;36;1mQuestion Load (0.6ms)[0m   [0;1mSELECT * FROM "questions" WHERE ("questions".response_id = 16) LIMIT 1[0m
Rendering question_tree/index
  [4;35;1mResponse Load (0.6ms)[0m   [0mSELECT * FROM "responses" WHERE ("responses".question_id = 12) [0m
Completed in 33ms (View: 15, DB: 2) | 200 OK [http://localhost/question_tree/next]


Processing QuestionTreeController#next (for 127.0.0.1 at 2010-05-07 00:04:33) [POST]
  Parameters: {"commit"=>"Next", "authenticity_token"=>"5Lr0N17LLJPb+87250BcuxDhuEiKTHKeDoeVKlmI+ww=", "response_id"=>"22"}
  [4;36;1mResponse Load (0.3ms)[0m   [0;1mSELECT * FROM "responses" WHERE ("responses"."id" = 22) [0m
  [4;35;1mQuestion Load (0.3ms)[0m   [0mSELECT * FROM "questions" WHERE ("questions".response_id = 22) LIMIT 1[0m
Rendering question_tree/index
  [4;36;1mResult Load (0.5ms)[0m   [0;1mSELECT * FROM "results" INNER JOIN "responses_results" ON "results".id = "responses_results".result_id WHERE ("responses_results".response_id = 22 ) [0m
Completed in 24ms (View: 4, DB: 1) | 200 OK [http://localhost/question_tree/next]


Processing QuestionTreeController#index (for 127.0.0.1 at 2010-05-07 00:04:46) [GET]
  [4;35;1mQuestion Load (0.9ms)[0m   [0mSELECT * FROM "questions" WHERE ("questions"."response_id" IS NULL) LIMIT 1[0m
  [4;36;1mQuestion Load (0.4ms)[0m   [0;1mSELECT * FROM "questions" WHERE ("questions"."id" = 9) [0m
Rendering question_tree/index
  [4;35;1mResponse Load (0.5ms)[0m   [0mSELECT * FROM "responses" WHERE ("responses".question_id = 9) [0m
Completed in 25ms (View: 12, DB: 2) | 200 OK [http://localhost/question_tree/]


Processing QuestionTreeController#next (for 127.0.0.1 at 2010-05-07 00:04:59) [POST]
  Parameters: {"commit"=>"Next", "authenticity_token"=>"5Lr0N17LLJPb+87250BcuxDhuEiKTHKeDoeVKlmI+ww=", "response_id"=>"14"}
  [4;36;1mResponse Load (0.3ms)[0m   [0;1mSELECT * FROM "responses" WHERE ("responses"."id" = 14) [0m
  [4;35;1mQuestion Load (0.5ms)[0m   [0mSELECT * FROM "questions" WHERE ("questions".response_id = 14) LIMIT 1[0m
Rendering question_tree/index
  [4;36;1mResponse Load (0.8ms)[0m   [0;1mSELECT * FROM "responses" WHERE ("responses".question_id = 10) [0m
Completed in 28ms (View: 9, DB: 2) | 200 OK [http://localhost/question_tree/next]


Processing QuestionTreeController#next (for 127.0.0.1 at 2010-05-07 00:05:07) [POST]
  Parameters: {"commit"=>"Next", "authenticity_token"=>"5Lr0N17LLJPb+87250BcuxDhuEiKTHKeDoeVKlmI+ww=", "response_id"=>"15"}
  [4;35;1mResponse Load (0.4ms)[0m   [0mSELECT * FROM "responses" WHERE ("responses"."id" = 15) [0m
  [4;36;1mQuestion Load (0.5ms)[0m   [0;1mSELECT * FROM "questions" WHERE ("questions".response_id = 15) LIMIT 1[0m
Rendering question_tree/index
  [4;35;1mResponse Load (0.5ms)[0m   [0mSELECT * FROM "responses" WHERE ("responses".question_id = 11) [0m
Completed in 25ms (View: 8, DB: 1) | 200 OK [http://localhost/question_tree/next]


Processing QuestionTreeController#next (for 127.0.0.1 at 2010-05-07 00:05:12) [POST]
  Parameters: {"commit"=>"Next", "authenticity_token"=>"5Lr0N17LLJPb+87250BcuxDhuEiKTHKeDoeVKlmI+ww=", "response_id"=>"20"}
  [4;36;1mResponse Load (0.4ms)[0m   [0;1mSELECT * FROM "responses" WHERE ("responses"."id" = 20) [0m
  [4;35;1mQuestion Load (0.3ms)[0m   [0mSELECT * FROM "questions" WHERE ("questions".response_id = 20) LIMIT 1[0m
Rendering question_tree/index
  [4;36;1mResult Load (0.6ms)[0m   [0;1mSELECT * FROM "results" INNER JOIN "responses_results" ON "results".id = "responses_results".result_id WHERE ("responses_results".response_id = 20 ) [0m
Completed in 26ms (View: 5, DB: 1) | 200 OK [http://localhost/question_tree/next]


Processing QuestionTreeController#index (for 127.0.0.1 at 2010-05-07 00:05:58) [GET]
  [4;36;1mQuestion Load (3.3ms)[0m   [0;1mSELECT * FROM "questions" WHERE ("questions"."response_id" IS NULL) LIMIT 1[0m
  [4;35;1mQuestion Load (0.6ms)[0m   [0mSELECT * FROM "questions" WHERE ("questions"."id" = 9) [0m
Rendering question_tree/index
  [4;36;1mResponse Load (0.7ms)[0m   [0;1mSELECT * FROM "responses" WHERE ("responses".question_id = 9) [0m
Completed in 89ms (View: 45, DB: 5) | 200 OK [http://localhost/]


Processing QuestionTreeController#next (for 127.0.0.1 at 2010-05-07 00:06:16) [POST]
  Parameters: {"commit"=>"Next", "authenticity_token"=>"5Lr0N17LLJPb+87250BcuxDhuEiKTHKeDoeVKlmI+ww=", "response_id"=>"14"}
  [4;35;1mResponse Load (0.5ms)[0m   [0mSELECT * FROM "responses" WHERE ("responses"."id" = 14) [0m
  [4;36;1mQuestion Load (0.6ms)[0m   [0;1mSELECT * FROM "questions" WHERE ("questions".response_id = 14) LIMIT 1[0m
Rendering question_tree/index
  [4;35;1mResponse Load (0.7ms)[0m   [0mSELECT * FROM "responses" WHERE ("responses".question_id = 10) [0m
Completed in 41ms (View: 17, DB: 2) | 200 OK [http://localhost/question_tree/next]


Processing QuestionTreeController#next (for 127.0.0.1 at 2010-05-07 00:06:19) [POST]
  Parameters: {"commit"=>"Next", "authenticity_token"=>"5Lr0N17LLJPb+87250BcuxDhuEiKTHKeDoeVKlmI+ww=", "response_id"=>"15"}
  [4;36;1mResponse Load (0.5ms)[0m   [0;1mSELECT * FROM "responses" WHERE ("responses"."id" = 15) [0m
  [4;35;1mQuestion Load (0.6ms)[0m   [0mSELECT * FROM "questions" WHERE ("questions".response_id = 15) LIMIT 1[0m
Rendering question_tree/index
  [4;36;1mResponse Load (0.6ms)[0m   [0;1mSELECT * FROM "responses" WHERE ("responses".question_id = 11) [0m
Completed in 135ms (View: 112, DB: 2) | 200 OK [http://localhost/question_tree/next]


Processing QuestionTreeController#next (for 127.0.0.1 at 2010-05-07 00:06:20) [POST]
  Parameters: {"commit"=>"Next", "authenticity_token"=>"5Lr0N17LLJPb+87250BcuxDhuEiKTHKeDoeVKlmI+ww=", "response_id"=>"20"}
  [4;35;1mResponse Load (0.6ms)[0m   [0mSELECT * FROM "responses" WHERE ("responses"."id" = 20) [0m
  [4;36;1mQuestion Load (0.3ms)[0m   [0;1mSELECT * FROM "questions" WHERE ("questions".response_id = 20) LIMIT 1[0m
Rendering question_tree/index
  [4;35;1mResult Load (2.6ms)[0m   [0mSELECT * FROM "results" INNER JOIN "responses_results" ON "results".id = "responses_results".result_id WHERE ("responses_results".response_id = 20 ) [0m
Completed in 36ms (View: 5, DB: 3) | 200 OK [http://localhost/question_tree/next]
